<?xml version="1.0" encoding="UTF-8"?>
<testsuite name="com.apollo.SortTest" tests="1" skipped="0" failures="0" errors="0" timestamp="2020-05-09T14:45:43" hostname="DESKTOP-A10VHUM" time="0.098">
  <properties/>
  <testcase name="testCountingSort" classname="com.apollo.SortTest" time="0.098"/>
  <system-out><![CDATA[排序后的时间是=34ms
[9, 30, 35, 51, 52, 300, 375, 412, 798, 842, 1200, 1217, 1230, 1254, 1641, 1662, 1742, 1818, 1852, 1929, 1938, 1975, 2024, 2068, 2206, 2500, 2736, 2804, 2808, 3091, 3225, 3568, 3598, 3809, 3829, 4337, 4368, 4398, 4899, 4913, 5112, 5132, 5383, 5737, 5748, 5814, 5852, 5868, 5923, 6251, 6311, 6324, 6324, 6326, 6380, 6579, 6783, 6796, 6861, 6954, 7050, 7154, 7265, 7266, 7291, 7314, 7375, 7646, 7770, 7853, 7872, 7980, 8064, 8109, 8210, 8320, 8677, 8752, 8846, 9141, 9165, 9223, 9291, 9360, 9845, 9914, 9986, 10011, 10140, 10158, 10179, 10281, 10489, 10595, 10737, 10800, 10829, 10903, 10942, 10973, 10984, 11020, 11037, 11188, 11341, 11556, 11700, 11742, 11807, 11842, 11845, 11901, 11983, 12180, 12323, 12378, 12427, 12492, 12504, 12804, 12808, 12980, 12985, 13183, 13207, 13226, 13364, 13737, 13836, 13930, 14088, 14120, 14192, 14225, 14367, 14409, 14416, 14666, 14727, 14774, 14968, 15040, 15284, 15318, 15456, 15734, 15750, 15853, 15866, 16023, 16033, 16129, 16151, 16169, 16345, 16481, 16547, 16658, 16811, 16877, 17073, 17256, 17262, 17343, 17425, 17512, 17516, 17591, 17686, 17713, 17723, 17782, 17952, 17999, 18133, 18366, 18425, 18466, 18483, 18539, 18695, 18733, 18738, 18740, 18781, 18783, 18896, 18920, 18994, 19164, 19175, 19183, 19304, 19468, 19684, 19732, 19930, 19939, 19982, 20042, 20075, 20195, 20287, 20436, 20497, 20548, 21105, 21128, 21157, 21194, 21450, 21468, 21543, 21566, 21596, 21655, 21668, 21931, 22004, 22033, 22086, 22196, 22197, 22478, 22517, 22833, 22894, 22980, 22995, 23259, 23269, 23312, 23394, 23452, 23565, 23620, 23720, 24036, 24046, 24453, 24497, 24584, 24839, 24943, 25011, 25279, 25440, 25539, 25600, 25756, 25904, 25949, 25992, 26025, 26028, 26033, 26220, 26234, 26452, 26480, 26497, 26707, 26744, 26795, 27018, 27200, 27212, 27218, 27252, 27302, 27880, 28111, 28231, 28263, 28300, 28313, 28356, 28399, 28405, 28455, 28660, 28683, 28831, 28858, 28928, 28938, 29102, 29105, 29130, 29154, 29179, 29491, 29590, 29859, 29996, 29999, 30099, 30120, 30198, 30210, 30417, 30455, 30909, 31043, 31110, 31333, 31383, 31490, 31505, 31518, 31726, 31845, 31892, 31962, 32245, 32275, 32390, 32436, 32538, 32566, 32605, 32636, 33151, 33183, 33366, 33464, 33570, 33695, 33710, 33941, 33986, 34072, 34092, 34236, 34306, 34345, 34475, 34657, 34841, 34846, 34879, 34907, 35138, 35209, 35347, 35366, 35586, 35648, 35686, 35827, 35975, 36004, 36027, 36118, 36189, 36299, 36330, 36363, 36424, 36760, 37128, 37282, 37862, 38077, 38390, 38442, 38482, 38531, 38581, 38618, 38689, 38755, 38820, 38879, 38896, 38901, 38971, 39091, 39228, 39262, 39277, 39297, 39359, 39364, 39396, 39430, 39483, 39602, 39672, 39858, 39992, 40004, 40250, 40337, 40384, 40402, 40575, 40586, 40808, 40818, 40831, 40834, 40866, 41191, 41246, 41252, 41277, 41394, 41424, 41517, 41558, 41662, 41709, 41751, 41762, 41782, 41911, 42000, 42006, 42246, 42301, 42310, 42347, 42363, 42421, 42426, 42448, 42448, 42558, 42593, 42742, 42803, 42824, 42856, 42987, 43136, 43201, 43252, 43456, 43617, 43653, 43655, 43744, 43826, 43893, 43948, 44041, 44390, 44525, 44551, 44581, 44911, 44943, 44951, 45125, 45185, 45213, 45272, 45444, 45678, 45681, 45706, 45778, 45810, 45927, 45998, 46153, 46303, 46713, 47177, 47206, 47371, 47395, 47512, 47561, 47716, 48192, 48230, 48243, 48257, 48401, 48418, 48446, 48968, 48990, 49007, 49038, 49102, 49145, 49247, 49255, 49267, 49267, 49336, 49473, 49498, 49538, 49727, 49729, 49930, 49941, 50111, 50176, 50408, 50506, 50737, 50971, 51291, 51367, 51451, 51512, 51819, 51892, 51954, 51969, 52011, 52140, 52282, 52303, 52384, 52528, 52685, 52893, 53226, 53231, 53691, 53765, 53808, 53891, 54091, 54187, 54194, 54305, 54388, 54404, 54724, 54773, 54785, 54829, 54836, 54836, 54869, 55034, 55051, 55174, 55236, 55303, 55366, 55439, 55492, 55516, 55545, 55588, 55629, 55723, 55735, 55787, 55933, 55945, 56149, 56203, 56223, 56261, 56673, 56988, 57068, 57155, 57232, 57318, 57484, 57668, 57738, 57761, 57810, 57835, 57950, 58130, 58336, 58397, 58600, 58631, 58686, 58869, 58888, 58945, 58969, 59130, 59140, 59163, 59293, 59474, 59667, 59821, 59964, 60019, 60172, 60175, 60225, 60357, 60372, 60444, 60533, 60546, 60582, 60703, 60844, 60877, 60941, 61105, 61127, 61215, 61313, 61353, 61356, 61371, 61386, 61496, 61516, 61687, 61827, 61969, 62221, 62336, 62340, 62495, 62511, 62717, 62963, 63002, 63080, 63127, 63156, 63223, 63408, 63410, 63425, 63603, 63717, 63721, 63891, 64050, 64238, 64276, 64279, 64339, 64372, 64399, 64432, 64608, 64643, 64706, 64814, 64921, 65094, 65243, 65425, 65511, 65700, 65854, 65882, 65904, 65933, 66015, 66522, 66642, 66842, 66888, 67047, 67264, 67445, 67460, 67467, 67611, 67645, 67746, 67910, 68055, 68233, 68296, 68373, 68374, 68501, 68517, 68552, 68600, 68631, 68637, 68695, 68876, 68936, 69052, 69105, 69133, 69193, 69268, 69446, 69571, 69586, 69722, 69795, 69829, 70002, 70008, 70435, 70521, 70650, 70728, 70804, 70829, 70885, 70952, 71022, 71188, 71354, 71618, 71650, 71689, 71889, 72071, 72134, 72287, 72327, 72512, 72526, 72542, 72551, 72733, 72832, 72857, 72953, 72988, 73031, 73042, 73400, 73476, 73908, 73978, 73979, 74059, 74106, 74162, 74273, 74348, 74413, 74467, 74527, 74845, 74916, 75222, 75232, 75271, 75329, 75415, 75503, 75701, 75709, 75760, 75785, 75999, 76124, 76177, 76299, 76443, 76558, 76558, 76590, 76709, 76772, 76982, 77247, 77366, 77403, 77446, 77618, 77653, 77698, 77848, 78059, 78304, 78376, 78387, 78526, 78640, 78640, 78723, 78794, 78815, 79035, 79140, 79360, 79408, 79428, 79446, 79474, 79498, 79864, 79894, 79956, 79973, 80007, 80193, 80195, 80207, 80251, 80474, 80593, 80677, 80864, 81051, 81235, 81385, 81416, 81421, 81578, 81608, 81741, 81815, 81873, 81895, 81954, 82038, 82297, 82347, 82348, 82461, 82470, 82502, 82710, 82937, 83131, 83284, 83349, 83354, 83493, 83501, 83510, 83778, 83831, 84014, 84076, 84104, 84106, 84147, 84324, 84616, 84709, 84804, 84821, 84840, 85040, 85203, 85240, 85558, 85597, 85630, 85785, 85792, 85851, 85926, 86005, 86123, 86251, 86342, 86659, 86800, 86881, 87240, 87245, 87360, 87488, 87758, 87858, 87892, 87975, 88072, 88175, 88591, 88606, 88635, 88661, 88769, 88771, 88911, 89227, 89293, 89477, 89579, 89583, 89626, 89697, 89741, 90003, 90019, 90019, 90160, 90201, 90229, 90265, 90329, 90354, 90541, 90580, 90590, 90671, 90689, 90826, 90984, 91091, 91113, 91127, 91209, 91365, 91367, 91435, 91453, 91610, 91790, 91794, 91809, 91857, 91880, 92001, 92035, 92120, 92124, 92252, 92257, 92288, 92329, 92623, 92629, 92655, 92696, 92729, 93041, 93150, 93167, 93468, 93708, 93778, 93857, 93869, 93882, 94049, 94151, 94195, 94205, 94325, 94332, 94389, 94496, 94619, 94708, 94858, 94910, 94971, 94987, 95070, 95112, 95266, 95317, 95357, 95430, 95437, 95528, 95624, 95660, 95879, 95903, 96289, 96295, 96300, 96471, 96567, 96637, 96715, 96827, 96884, 96978, 97308, 97340, 97403, 97578, 97684, 97791, 97831, 97898, 97942, 98124, 98222, 98247, 98248, 98353, 98471, 98593, 98774, 98816, 99125, 99290, 99348, 99501, 99559, 99622, 99629, 99890, 99927, 99951, 99984, 100332, 100366, 100684, 100723, 100728, 100826, 100881, 100937, 100947, 100968, 100968, 101035, 101065, 101304, 101480, 101501, 101547, 101567, 101570, 101665, 101674, 101705, 101895, 102026, 102026, 102123, 102136, 102347, 102411, 102432, 102542, 102665, 102668, 103113, 103337, 103507, 103554, 103614, 103682, 103772, 103778, 103895, 104318, 104400, 104408, 104415, 104510, 104696, 104708, 104740, 104821, 104884, 104896, 104899, 104966, 105023, 105070, 105118, 105221, 105233, 105246, 105284, 105318, 105362, 105411, 105483, 105613, 105759, 105806, 105977, 106090, 106141, 106180, 106229, 106397, 106490, 106595, 106658, 106833, 106911, 107098, 107284, 107318, 107353, 107440, 107565, 107657, 107766, 107807, 107917, 107932, 108009, 108494, 108589, 108621, 108722, 108936, 108973, 109244, 109386, 109683, 109720, 109908, 109952, 110041, 110063, 110128, 110236, 110309, 110329, 110409, 110445, 110519, 110637, 110642, 110652, 110675, 110743, 110749, 110913, 111091, 111093, 111202, 111351, 111355, 111457, 111596, 111609, 111643, 111667, 111678, 111834, 111946, 112275, 112292, 112391, 112478, 112698, 112831, 112840, 112849, 112897, 112897, 112952, 112965, 113010, 113205, 113288, 113323, 113394, 113452, 113536, 113748, 113947, 114047, 114399, 114560, 114665, 114668, 114805, 114889, 114919, 114952, 115082, 115168, 115189, 115268, 115388, 115532, 115546, 115651, 115657, 115820, 115836, 115969, 115972, 116068, 116306, 116401, 116569, 116688, 116690, 116747, 116761, 116827, 117058, 117142, 117236, 117373, 117496, 117528, 117598, 117655, 117738, 117824, 117886, 118037, 118117, 118141, 118155, 118179, 118196, 118494, 118534, 118631, 118935, 119229, 119769, 119832, 119833, 119941, 119963, 119979, 120025, 120430, 120529, 120592, 120659, 120820, 120878, 120905, 120999, 121158, 121292, 121392, 121453, 121491, 121665, 121755, 121779, 121791, 121849, 121929, 121957, 122236, 122313, 122430, 122475, 122490, 122508, 122533, 122648, 122788, 122908, 122996, 123014, 123028, 123060, 123228, 123254, 123305, 123406, 123464, 123572, 123584, 123643, 123725, 123745, 123750, 123955, 124039, 124071, 124240, 124399, 124406, 124560, 124648, 124747, 124778, 124804, 124958, 124959, 125167, 125171, 125187, 125399, 125418, 125450, 125468, 125471, 125507, 125548, 125621, 125626, 125713, 125758, 125854, 125976, 126085, 126136, 126340, 126373, 126437, 126745, 126758, 126917, 126996, 127066, 127102, 127193, 127508, 127635, 127674, 127763, 127909, 127916, 128023, 128106, 128156, 128230, 128355, 128377, 128446, 128455, 128456, 128495, 128612, 128944, 128948, 129125, 129314, 129315, 129371, 129517, 129643, 129699, 129762, 129997, 130046, 130332, 130333, 130518, 130722, 130808, 130983, 131104, 131118, 131165, 131166, 131185, 131197, 131203, 131285, 131293, 131304, 131330, 131342, 131552, 131685, 131767, 131769, 131853, 131865, 132011, 132116, 132238, 132415, 132477, 132492, 132589, 132801, 133287, 133758, 133910, 133917, 134093, 134104, 134243, 134375, 134422, 134552, 134555, 134646, 134724, 134870, 135238, 135413, 135636, 135682, 135732, 135844, 135892, 136080, 136187, 136277, 136306, 136307, 136315, 136428, 136433, 136736, 136762, 136782, 136841, 136862, 136886, 136947, 137067, 137070, 137077, 137281, 137380, 137415, 137527, 137536, 137549, 137555, 137640, 137718, 137786, 137832, 137838, 137975, 138106, 138127, 138294, 138306, 138353, 138370, 138474, 138474, 138675, 138700, 138715, 138716, 138728, 138776, 138830, 138930, 138952, 139012, 139148, 139351, 139358, 139504, 139525, 139567, 139665, 139667, 139797, 139811, 139848, 139908, 140066, 140262, 140364, 140445, 140493, 140555, 140942, 140947, 140967, 141094, 141218, 141231, 141342, 141392, 141415, 141666, 141669, 141790, 141963, 142014, 142103, 142132, 142335, 142338, 142539, 142597, 142735, 142805, 142910, 142974, 142997, 143126, 143401, 143628, 143635, 143821, 143926, 143961, 144044, 144058, 144146, 144189, 144357, 144828, 144855, 144882, 144929, 145014, 145030, 145065, 145320, 145397, 145577, 145587, 145913, 145978, 146114, 146209, 146257, 146340, 146494, 146599, 146641, 146672, 146675, 146759, 146789, 146925, 146979, 147053, 147206, 147292, 147332, 147504, 147545, 147614, 147656, 147717, 147726, 147807, 147838, 147866, 148112, 148363, 148495, 148515, 148832, 148874, 149224, 149226, 149245, 149255, 149380, 149392, 149397, 149516, 149573, 149591, 149605, 149819, 150048, 150049, 150054, 150133, 150163, 150163, 150216, 150296, 150431, 150617, 150776, 150777, 150864, 150892, 151048, 151083, 151175, 151427, 151518, 151768, 151862, 151876, 152174, 152601, 152609, 152655, 152657, 152762, 152807, 152868, 152905, 152951, 153036, 153073, 153096, 153244, 153260, 153410, 153411, 153424, 153464, 153604, 153652, 153774, 153893, 155300, 155365, 155438, 155727, 155758, 155762, 155818, 155830, 155831, 155842, 156121, 156164, 156239, 156275, 156331, 156405, 156426, 156603, 156603, 156783, 156950, 157012, 157022, 157128, 157135, 157148, 157184, 157284, 157341, 157369, 157401, 157429, 157485, 157932, 158135, 158162, 158273, 158361, 158410, 158476, 158726, 158784, 158848, 159169, 159597, 159957, 160037, 160265, 160370, 160663, 160803, 161176, 161215, 161279, 161456, 161589, 161716, 161849, 162065, 162179, 162320, 162402, 162504, 162701, 162734, 162754, 162857, 162940, 163113, 163265, 163268, 163325, 163339, 163368, 163516, 163563, 163576, 163734, 163988, 164146, 164220, 164389, 164409, 164627, 164648, 164723, 164841, 165057, 165147, 165239, 165361, 165783, 165858, 165960, 166347, 166380, 166395, 166491, 166498, 166661, 166798, 166882, 166929, 167122, 167131, 167227, 167351, 167400, 167634, 167733, 168028, 168093, 168276, 168563, 168589, 168743, 168886, 168952, 169098, 169114, 169256, 169339, 169360, 169458, 169479, 169540, 169568, 169772, 170121, 170215, 170303, 170360, 170432, 170438, 170442, 170650, 170673, 170734, 170744, 170851, 170930, 171234, 171315, 171409, 171479, 171525, 171534, 171956, 171998, 172148, 172180, 172243, 172353, 172364, 172607, 172796, 172818, 172932, 173062, 173201, 173265, 173496, 173518, 173539, 173587, 173599, 173692, 173794, 173919, 173993, 174057, 174173, 174173, 174316, 174318, 174386, 174617, 174631, 175003, 175190, 175206, 175280, 175523, 175539, 175588, 175644, 175695, 175884, 175885, 175894, 175939, 176055, 176111, 176253, 176411, 176469, 176567, 176628, 176712, 176768, 176774, 176870, 177008, 177139, 177711, 177823, 177832, 177933, 177986, 178113, 178162, 178247, 178711, 178832, 178835, 178853, 179168, 179342, 179377, 179410, 179512, 179607, 179663, 179681, 179703, 180015, 180118, 180262, 180263, 180319, 180528, 180596, 180650, 180663, 180694, 180745, 180843, 180988, 181205, 181327, 181334, 181387, 181438, 181452, 182047, 182163, 182168, 182263, 182303, 182316, 182488, 182550, 182601, 182811, 183184, 183307, 183654, 183851, 184184, 184229, 184520, 184557, 185255, 185359, 185520, 185545, 185601, 185608, 185737, 185858, 185974, 186026, 186198, 186202, 186247, 186379, 186465, 186532, 186909, 186958, 187088, 187210, 187231, 187331, 187333, 187447, 187483, 187632, 187714, 187823, 187857, 187932, 188044, 188077, 188080, 188238, 188354, 188527, 188532, 188642, 188697, 189067, 189111, 189182, 189218, 189330, 189410, 189503, 189527, 189566, 189582, 189775, 189829, 189859, 190036, 190204, 190207, 190372, 190541, 191028, 191083, 191106, 191176, 191208, 191255, 191308, 191370, 191389, 191917, 191977, 192050, 192134, 192205, 192216, 192264, 192351, 192409, 192428, 192430, 192510, 192565, 192588, 192673, 192763, 192853, 192933, 193118, 193236, 193404, 193436, 193489, 193551, 193760, 193979, 194009, 194057, 194079, 194144, 194302, 194474, 194613, 194738, 195051, 195152, 195214, 195239, 195304, 195327, 195412, 195525, 195672, 195738, 195860, 195908, 195952, 195993, 196184, 196269, 196469, 196552, 196766, 196829, 196871, 196955, 197027, 197195, 197403, 197530, 197656, 197659, 198015, 198053, 198114, 198117, 198207, 198263, 198299, 198411, 198507, 198792, 198934, 198976, 199065, 199301, 199378, 199385, 199387, 199399, 199550, 199580, 199593, 199593, 199728, 199795, 200086, 200109, 200119, 200476, 200515, 200541, 200652, 200665, 201015, 201041, 201283, 201694, 201770, 201869, 201955, 202070, 202101, 202387, 202546, 202646, 202669, 202686, 202712, 202808, 203073, 203073, 203076, 203233, 203455, 203542, 203613, 203642, 203649, 203705, 203826, 203988, 204195, 204299, 204346, 204348, 204368, 204385, 204518, 204551, 204580, 204657, 204713, 204721, 204730, 204910, 204953, 205065, 205117, 205174, 205176, 205266, 205289, 205342, 205536, 205732, 205992, 206042, 206054, 206119, 206141, 206148, 206170, 206623, 206820, 206820, 207045, 207156, 207187, 207364, 207457, 207570, 207860, 207881, 207927, 207945, 208040, 208057, 208207, 208448, 208569, 208724, 208809, 208864, 208952, 208975, 209260, 209498, 209538, 209595, 209704, 209736, 209791, 209873, 209929, 209986, 210205, 210241, 210246, 210343, 210409, 210710, 210721, 211194, 211287, 211414, 211661, 211682, 211734, 211988, 212167, 212314, 212366, 212561, 212647, 212797, 212814, 212874, 212981, 213075, 213172, 213271, 213287, 213358, 213497, 213603, 213691, 213733, 213761, 213893, 213976, 214323, 214615, 214670, 214704, 214822, 214931, 214947, 214969, 215251, 215334, 215503, 215538, 215597, 215644, 215675, 215698, 215897, 215984, 216102, 216118, 216250, 216278, 216311, 216319, 216356, 216586, 216616, 216632, 216683, 216914, 216920, 217039, 217293, 217297, 217306, 217909, 217944, 217951, 218192, 218318, 218781, 218986, 219108, 219212, 219220, 219305, 219461, 219694, 219792, 219981, 220245, 220316, 220397, 220550, 220807, 220811, 220893, 221011, 221038, 221221, 221284, 221319, 221566, 221665, 221730, 221836, 221993, 222002, 222016, 222462, 222563, 222661, 222697, 222700, 222942, 223073, 223233, 223324, 223494, 223536, 223655, 223698, 223986, 223996, 224003, 224210, 224518, 224643, 224741, 224757, 224766, 225002, 225177, 225298, 225442, 225582, 225591, 225611, 225822, 226062, 226089, 226175, 226236, 226302, 226512, 226708, 226888, 226904, 227074, 227118, 227452, 227503, 227609, 227611, 227649, 228019, 228080, 228143, 228170, 228255, 228352, 228540, 228659, 228752, 228783, 228794, 228958, 228974, 229116, 229364, 229390, 229406, 229407, 229600, 229659, 229688, 229827, 229860, 230079, 230750, 230940, 231002, 231047, 231119, 231327, 231559, 231639, 231678, 231958, 231995, 232161, 232419, 232453, 232529, 232562, 232666, 232867, 232896, 233022, 233131, 233290, 233295, 233320, 233497, 233794, 233883, 233939, 234067, 234126, 234424, 234428, 234440, 234486, 234622, 234856, 234995, 235071, 235117, 235181, 235308, 235357, 235559, 235618, 235627, 235767, 235785, 235878, 235897, 235911, 236047, 236057, 236112, 236318, 236382, 236469, 236495, 236555, 236720, 236864, 236944, 237153, 237500, 237501, 237614, 237704, 237899, 237899, 237922, 238270, 238322, 238532, 238638, 238648, 238835, 238932, 238945, 239248, 239455, 239523, 239533, 239728, 239757, 239798, 239844, 239856, 239857, 239985, 240126, 240392, 240401, 240522, 240545, 240548, 240647, 240712, 240724, 240916, 240946, 241008, 241212, 241248, 241279, 241388, 241442, 241692, 241803, 241804, 241893, 242132, 242161, 242299, 242430, 242680, 242726, 242827, 242849, 242856, 242921, 242995, 243171, 243311, 243477, 243501, 243542, 243666, 243777, 243906, 244004, 244352, 244479, 244556, 244597, 244682, 245033, 245267, 245284, 245302, 245367, 245468, 245632, 245719, 245788, 245792, 245847, 245893, 246030, 246247, 246266, 246492, 246558, 246647, 246770, 246929, 246973, 247053, 247132, 247396, 247411, 247453, 247667, 247730, 248079, 248101, 248135, 248216, 248355, 248414, 248516, 248530, 248715, 248778, 248791, 248808, 249039, 249039, 249159, 249199, 249361, 249396, 249785, 249871, 250006, 250147, 250186, 250416, 250504, 250528, 250660, 251271, 251294, 251421, 251490, 251594, 251676, 251776, 251796, 251819, 251857, 251871, 252135, 252166, 252383, 252450, 252548, 252608, 252610, 252683, 252746, 252766, 252928, 252972, 253064, 253139, 253223, 253446, 253614, 253874, 254004, 254092, 254210, 254461, 254644, 254651, 254788, 254822, 254898, 255038, 255122, 255137, 255508, 255518, 255601, 255799, 255862, 255989, 256126, 256541, 256560, 256625, 256703, 256704, 256731, 257064, 257108, 257162, 257184, 257192, 257284, 257298, 257339, 257386, 257434, 257473, 257515, 257551, 257594, 257596, 257690, 257729, 257770, 258088, 258497, 258680, 258682, 258718, 258754, 258804, 258887, 258984, 259143, 259163, 259341, 259347, 259363, 259371, 259419, 259588, 259635, 259671, 259807, 259845, 259910, 260029, 260173, 260356, 260404, 260452, 260577, 260594, 260676, 260680, 260756, 260879, 261114, 261251, 261261, 261335, 261538, 261705, 261760, 262064, 262122, 262206, 262330, 262342, 262401, 262494, 262562, 262712, 262729, 262999, 263074, 263258, 263312, 263330, 263348, 263409, 263769, 263874, 263963, 264229, 264244, 264273, 264307, 264423, 264550, 264746, 265029, 265101, 265211, 265236, 265517, 265567, 265601, 265606, 265724, 265772, 265925, 265954, 265985, 266027, 266049, 266110, 266135, 266194, 266232, 266282, 266364, 266386, 266466, 266776, 266839, 267193, 267344, 267379, 267426, 267590, 267664, 267679, 267752, 267758, 267822, 267945, 268110, 268162, 268207, 268243, 268484, 268605, 268648, 268650, 268763, 268776, 268835, 268855, 269025, 269037, 269039, 269115, 269119, 269169, 269302, 269413, 269467, 269621, 269649, 269659, 269682, 269731, 269909, 269930, 269967, 270004, 270191, 270550, 270583, 270591, 270593, 270617, 270838, 270904, 270955, 271030, 271118, 271181, 271286, 271289, 271457, 271569, 271680, 271715, 271864, 271904, 272158, 272182, 272190, 272219, 272396, 272435, 272774, 272811, 272846, 272963, 273017, 273043, 273091, 273190, 273198, 273431, 273449, 273585, 273595, 273613, 273619, 273639, 273652, 273769, 273811, 273882, 273944, 274012, 274194, 274278, 274293, 274297, 274322, 274376, 274378, 274626, 274693, 275057, 275147, 275202, 275245, 275281, 275315, 275419, 275514, 275530, 275644, 275703, 275704, 275762, 275813, 276037, 276103, 276274, 276323, 276323, 276892, 276942, 277001, 277029, 277050, 277101, 277191, 277326, 277412, 277412, 277860, 277946, 277998, 278035, 278162, 278247, 278253, 278268, 278366, 278415, 278451, 278506, 278734, 278859, 278864, 278902, 278910, 278914, 278915, 279062, 279171, 279268, 279270, 279519, 279557, 279971, 280030, 280056, 280082, 280116, 280450, 280498, 280533, 280624, 280979, 281090, 281213, 281251, 281385, 281427, 281510, 281684, 281779, 282043, 282162, 282211, 282225, 282241, 282351, 282416, 282552, 282640, 283326, 283343, 283400, 283563, 283645, 283654, 283828, 284116, 284227, 284278, 284286, 284316, 284718, 285179, 285220, 285242, 285270, 285310, 285343, 285417, 285458, 285461, 285675, 285780, 286165, 286355, 286366, 286417, 286725, 286862, 287180, 287505, 287545, 287652, 287711, 287799, 287916, 287978, 288167, 288526, 288576, 288589, 288624, 288647, 288711, 288717, 288724, 288775, 288776, 288826, 288885, 288964, 289103, 289240, 289330, 289465, 289541, 289572, 289589, 289636, 290148, 290195, 290252, 290281, 290324, 290367, 290492, 290599, 290867, 290882, 290915, 290981, 290998, 291278, 291389, 291475, 291483, 291659, 291685, 291775, 291805, 291805, 291815, 291834, 292029, 292112, 292141, 292199, 292199, 292425, 292528, 292541, 292574, 292623, 292700, 292767, 292798, 292889, 292960, 292998, 293025, 293057, 293278, 293320, 293349, 293358, 293368, 293369, 293528, 293634, 293885, 294174, 294186, 294209, 294309, 294361, 294456, 294513, 294905, 295253, 295261, 295320, 295375, 295471, 295492, 295941, 295971, 296117, 296567, 296595, 296860, 296888, 296899, 297046, 297164, 297171, 297459, 297468, 297550, 297790, 297816, 297914, 298100, 298180, 298254, 298262, 298287, 298320, 298679, 298693, 298763, 298765, 298863, 298950, 299010, 299027, 299030, 299131, 299135, 299264, 299364, 299376, 299394, 299411, 299516, 299777, 299882, 299893, 299982, 300019, 300109, 300114, 300129, 300281, 300381, 300386, 300417, 300684, 300957, 300981, 301044, 301161, 301346, 301376, 301534, 301870, 302503, 302620, 302735, 302844, 302924, 303180, 303445, 303448, 303629, 303763, 303773, 304158, 304380, 304398, 304497, 304512, 304616, 304702, 304758, 304780, 304943, 305183, 305250, 305309, 305538, 305597, 305634, 305722, 305825, 305965, 306016, 306034, 306060, 306118, 306297, 306364, 306403, 306662, 306709, 306824, 306877, 306917, 306963, 307033, 307039, 307295, 307349, 307472, 307916, 307932, 308042, 308112, 308157, 308174, 308180, 308201, 308331, 308333, 308365, 308450, 308525, 308534, 308596, 308726, 308819, 308839, 308933, 308994, 309001, 309150, 309237, 309278, 309383, 309525, 309608, 309620, 309799, 309851, 309986, 310000, 310123, 310143, 310166, 310311, 310503, 310783, 310907, 310964, 310973, 310981, 310984, 311047, 311123, 311182, 311185, 311235, 311312, 311318, 311414, 311803, 312089, 312104, 312266, 312421, 312459, 312639, 312902, 313068, 313538, 313576, 313655, 313660, 313758, 313795, 313805, 313821, 313908, 314291, 314496, 314501, 314534, 314789, 315109, 315568, 315653, 315674, 315756, 315831, 316076, 316247, 316291, 316488, 316539, 316591, 316820, 316936, 317069, 317127, 317211, 317213, 317276, 317288, 317447, 317448, 317771, 317897, 317982, 318010, 318030, 318034, 318089, 318105, 318195, 318216, 318224, 318301, 318363, 318455, 318550, 318550, 318565, 318580, 318721, 318726, 318780, 318811, 318821, 319008, 319249, 319383, 319461, 319614, 319678, 319706, 319715, 319786, 320005, 320007, 320129, 320222, 320310, 320454, 320495, 320565, 320581, 320680, 320705, 320744, 320750, 320778, 320788, 320802, 320872, 320896, 320979, 320986, 321003, 321099, 321194, 321206, 321223, 321241, 321274, 321452, 321457, 321467, 321483, 321491, 321750, 321981, 322052, 322079, 322298, 322654, 322793, 322801, 322864, 322992, 323020, 323057, 323090, 323265, 323356, 323366, 323604, 323613, 323703, 323846, 323898, 323899, 324015, 324095, 324121, 324270, 324446, 324449, 324501, 324645, 324759, 324784, 324807, 324811, 325149, 325245, 325372, 325387, 325399, 325407, 325419, 325479, 325566, 325582, 325911, 325967, 326260, 326285, 326313, 326363, 326383, 326393, 326635, 326639, 326658, 326800, 327079, 327235, 327310, 327329, 327411, 327456, 327514, 327584, 327735, 327737, 327751, 327775, 327817, 327931, 327953, 327957, 328010, 328014, 328027, 328151, 328152, 328231, 328342, 328716, 328807, 329157, 329277, 329558, 329645, 329725, 329731, 329755, 329821, 329826, 329852, 329858, 329871, 329897, 330285, 330360, 330543, 330750, 330821, 330886, 330911, 331111, 331174, 331242, 331247, 331267, 331273, 331529, 331703, 331730, 331790, 331791, 331932, 332092, 332255, 332277, 332796, 332887, 333102, 333213, 333226, 333351, 333405, 333441, 333525, 333658, 333713, 333736, 333744, 333858, 333908, 334082, 334145, 334599, 334738, 334784, 334884, 335013, 335063, 335231, 335392, 335526, 335560, 335944, 335958, 335985, 335999, 336112, 336142, 336152, 336156, 336314, 336414, 336438, 336447, 336457, 336657, 336674, 336735, 336906, 337487, 337543, 337560, 337630, 337698, 337705, 337760, 337919, 338179, 338457, 338527, 338534, 338752, 338908, 338968, 338981, 339009, 339132, 339327, 339373, 339507, 339657, 339661, 340005, 340142, 340146, 340223, 340284, 340311, 340453, 340478, 340782, 340913, 341029, 341120, 341209, 341383, 341403, 341493, 341514, 341559, 341616, 341866, 341943, 342308, 342380, 342395, 342471, 342530, 342634, 342636, 342764, 342782, 342878, 342909, 343159, 343210, 343253, 343348, 343779, 343837, 343856, 344011, 344042, 344129, 344462, 344571, 344619, 344645, 344724, 344758, 344902, 345010, 345243, 345495, 345518, 345518, 345845, 345988, 346080, 346125, 346196, 346246, 346261, 346279, 346546, 346623, 346669, 346698, 346751, 346784, 346841, 346949, 346982, 347049, 347135, 347319, 347571, 347592, 347686, 347759, 347764, 347791, 347880, 348172, 348284, 348339, 348439, 348446, 348540, 348549, 348705, 348816, 348864, 349077, 349390, 349445, 349671, 349701, 349898, 350044, 350057, 350082, 350262, 350555, 350566, 350660, 350813, 351129, 351174, 351185, 351330, 351335, 351367, 351381, 351407, 351551, 351732, 351820, 351888, 351908, 351955, 351997, 352024, 352071, 352381, 352479, 352548, 352592, 353095, 353644, 353771, 353775, 353893, 353900, 353909, 353979, 354034, 354105, 354147, 354211, 354243, 354445, 354463, 354502, 354511, 354552, 354562, 354628, 354687, 354792, 354866, 355027, 355047, 355320, 355354, 355435, 355501, 355641, 355656, 355741, 355943, 355947, 355970, 356005, 356253, 356342, 356344, 356450, 356469, 356621, 356692, 356818, 356847, 357018, 357068, 357245, 357268, 357443, 357516, 357694, 357922, 357962, 358014, 358129, 358561, 358592, 358593, 358631, 358735, 358752, 358761, 358781, 358812, 358983, 359048, 359079, 359121, 359172, 359307, 359327, 359356, 359480, 359487, 359524, 359556, 359737, 359745, 359827, 359880, 359943, 360083, 360190, 360206, 360230, 360236, 360303, 360316, 360330, 360360, 360450, 360533, 360616, 360660, 360676, 360749, 360991, 361001, 361273, 361479, 361792, 361893, 361970, 361995, 362163, 362263, 362276, 362341, 362411, 362625, 362648, 362715, 362933, 363181, 363197, 363260, 363343, 363385, 363446, 363707, 363733, 363747, 364004, 364015, 364141, 364162, 364246, 364263, 364819, 364899, 364980, 365070, 365108, 365131, 365213, 365326, 365422, 365458, 365719, 365935, 366140, 366397, 366607, 366690, 366769, 366773, 366778, 366792, 366887, 366902, 366956, 367021, 367148, 367211, 367228, 367267, 367395, 367468, 367622, 367709, 367826, 367844, 368403, 368439, 368708, 368717, 368810, 368962, 369107, 369109, 369315, 369343, 369484, 369501, 369583, 369649, 369659, 369754, 370037, 370247, 370252, 370329, 370391, 370541, 370579, 370677, 370697, 370796, 371020, 371083, 371220, 371362, 371404, 371613, 371705, 371992, 372086, 372220, 372324, 372534, 372544, 372554, 372584, 373032, 373089, 373127, 373242, 373247, 373255, 373255, 373321, 373498, 373904, 374013, 374054, 374061, 374219, 374307, 374486, 374530, 374579, 374597, 374746, 374801, 374870, 374933, 375039, 375165, 375170, 375221, 375221, 375460, 375839, 375856, 376131, 376140, 376225, 376449, 376453, 376653, 376761, 376834, 376869, 376883, 376901, 376929, 377196, 377261, 377469, 377774, 378402, 378443, 378542, 378683, 378849, 378970, 379134, 379307, 379335, 379465, 379482, 379598, 379670, 379832, 379835, 380102, 380144, 380158, 380663, 381132, 381194, 381223, 381310, 381525, 381586, 381615, 381716, 381764, 381813, 381962, 382138, 382309, 382402, 382450, 382721, 382751, 382761, 382946, 383027, 383341, 383372, 383508, 383619, 383634, 383654, 383748, 383754, 383767, 383784, 383797, 383861, 383907, 383949, 384037, 384052, 384095, 384140, 384213, 384384, 384515, 384842, 384967, 385076, 385335, 385364, 385402, 385428, 385677, 385772, 385877, 386088, 386124, 386628, 386802, 387048, 387185, 387215, 387245, 387589, 387604, 387615, 387640, 387839, 387912, 388053, 388118, 388174, 388396, 388406, 388413, 388414, 388466, 388572, 388749, 388834, 388842, 388984, 389022, 389027, 389073, 389167, 389216, 389569, 389633, 389763, 389785, 390009, 390013, 390023, 390035, 390158, 390166, 390222, 390263, 390276, 390329, 390365, 390384, 390747, 390785, 390926, 390937, 391059, 391142, 391318, 391475, 391505, 391754, 391776, 392278, 392289, 392291, 392292, 392410, 392646, 392665, 392727, 392942, 392952, 392974, 392994, 393268, 393338, 393341, 393409, 393486, 393573, 393716, 393782, 394047, 394082, 394259, 394331, 394338, 394518, 394628, 394654, 394724, 394731, 394739, 394827, 394840, 394894, 394939, 394988, 394993, 395004, 395210, 395737, 395744, 396051, 396110, 396147, 396336, 396714, 396922, 396928, 396975, 397132, 397250, 397683, 397704, 397736, 398103, 398118, 398344, 398354, 398361, 398418, 398435, 398511, 398530, 398530, 398591, 398623, 398685, 398966, 398977, 399223, 399308, 399318, 399351, 399481, 399604, 399636, 399728, 400471, 400744, 401059, 401100, 401236, 401417, 401574, 401611, 401699, 401731, 401765, 401897, 402010, 402042, 402103, 402187, 402322, 402524, 402615, 402703, 402746, 402834, 403069, 403089, 403300, 403342, 403476, 403647, 403674, 403687, 404101, 404107, 404119, 404184, 404223, 404341, 404432, 404463, 404470, 404475, 404500, 404540, 404709, 404742, 404939, 405126, 405249, 405255, 405288, 405388, 405425, 405539, 405619, 405656, 405664, 405768, 405959, 406033, 406223, 406235, 406395, 406609, 406616, 406822, 406888, 406989, 407150, 407206, 407297, 407311, 407466, 407483, 407549, 407634, 407762, 407806, 407830, 408040, 408209, 408236, 408412, 408433, 408514, 408826, 408889, 409222, 409290, 409545, 409651, 409741, 409763, 409895, 410009, 410392, 410421, 410504, 410600, 410613, 410684, 410724, 411002, 411100, 411290, 411323, 411507, 411531, 411570, 411924, 412016, 412618, 412644, 412703, 412796, 412814, 412822, 412920, 412980, 413008, 413089, 413127, 413155, 413187, 413246, 413411, 413465, 413674, 413922, 413938, 413968, 414126, 414180, 414354, 414426, 414568, 414588, 414841, 414901, 414977, 415170, 415217, 415312, 415395, 415534, 415574, 415645, 415819, 415841, 415937, 415965, 416078, 416246, 416269, 416307, 416317, 416779, 416785, 416895, 417057, 417135, 417174, 417223, 417318, 417564, 417792, 417799, 417890, 418000, 418088, 418104, 418231, 418242, 418371, 418534, 418544, 418785, 419025, 419093, 419114, 419185, 419306, 419312, 419325, 419459, 419462, 419493, 419512, 419634, 419667, 419797, 419875, 419933, 420003, 420104, 420165, 420172, 420323, 420342, 420492, 420541, 420559, 420570, 420592, 420629, 420665, 420891, 420915, 420987, 421056, 421242, 421266, 421325, 421473, 421888, 421909, 422092, 422099, 422379, 422508, 422658, 422666, 422698, 422860, 422913, 422958, 423195, 423268, 423273, 423279, 423284, 423289, 423477, 423603, 423724, 423848, 423927, 424054, 424075, 424109, 424426, 424439, 424549, 424609, 424622, 424665, 424706, 424747, 424774, 424807, 424902, 424954, 424974, 424975, 425025, 425149, 425226, 425260, 425310, 425548, 425611, 425666, 425689, 425695, 425778, 425780, 425951, 425995, 426012, 426024, 426133, 426361, 426529, 426549, 426598, 427014, 427165, 427548, 427574, 427726, 427791, 427826, 428040, 428040, 428126, 428153, 428190, 428273, 428446, 428603, 428679, 428941, 429112, 429113, 429143, 429490, 429715, 429845, 429885, 430139, 430240, 430354, 430832, 430867, 430978, 431070, 431134, 431166, 431218, 431329, 431451, 431535, 431537, 431592, 431657, 431689, 431723, 431759, 431765, 431785, 431791, 431912, 431991, 432221, 432549, 432609, 432642, 432643, 432676, 432802, 432844, 433037, 433215, 433429, 433589, 433611, 433679, 433810, 433812, 433856, 433858, 433935, 434091, 434218, 434357, 434513, 434539, 434553, 434750, 434828, 434962, 434992, 435254, 435255, 435259, 435625, 435698, 435710, 435730, 435799, 436095, 436297, 436622, 436894, 436903, 436903, 436944, 437296, 437504, 437507, 437543, 437621, 437638, 437766, 437857, 438073, 438087, 438214, 438484, 438693, 438832, 438880, 439174, 439282, 439323, 439443, 439558, 439618, 439627, 439647, 439842, 439939, 440265, 440421, 440429, 440675, 440676, 440696, 440744, 441039, 441191, 441217, 441248, 441308, 441351, 441576, 441609, 441687, 441818, 441837, 441841, 441958, 442091, 442144, 442446, 442456, 442481, 442596, 442623, 442662, 442897, 442944, 443001, 443036, 443048, 443056, 443220, 443353, 443369, 443426, 443503, 443553, 443569, 443588, 443611, 443614, 443648, 443736, 443774, 443854, 444021, 444193, 444271, 444536, 444560, 444631, 444860, 444998, 445086, 445264, 445347, 445382, 445428, 445430, 445487, 445617, 445768, 446052, 446093, 446231, 446487, 446898, 446928, 447030, 447227, 447239, 447281, 447285, 447337, 447407, 447484, 447488, 447623, 447779, 447887, 447895, 448047, 448106, 448186, 448399, 448439, 448494, 448652, 448871, 448897, 448941, 449000, 449044, 449064, 449093, 449131, 449135, 449205, 449244, 449319, 449355, 449435, 449679, 449737, 449851, 449856, 449866, 449960, 450262, 450359, 450367, 450496, 450526, 450570, 450614, 450642, 450707, 450855, 450894, 450932, 451040, 451074, 451092, 451164, 451232, 451235, 451286, 451372, 451408, 451440, 451523, 451565, 451591, 451624, 451666, 451732, 451770, 451774, 451835, 452062, 452222, 452369, 452493, 452670, 452682, 452723, 453354, 453562, 453636, 454052, 454134, 454142, 454596, 454640, 454694, 454845, 454879, 455061, 455069, 455309, 455378, 455476, 455491, 455621, 455904, 455905, 455905, 455927, 455982, 456033, 456034, 456080, 456196, 456219, 456298, 456305, 456404, 456430, 456639, 456694, 456738, 456924, 456998, 457039, 457094, 457452, 457533, 457545, 457573, 457717, 458002, 458022, 458077, 458154, 458358, 458409, 458493, 458496, 458592, 458718, 458753, 458795, 458978, 459247, 459333, 459348, 459457, 459638, 459937, 460062, 460265, 460338, 460498, 460511, 460649, 460758, 460845, 460932, 460972, 460999, 461085, 461253, 461296, 461443, 461463, 461577, 461599, 461732, 461762, 461798, 461896, 462151, 462298, 462341, 462352, 462442, 462564, 462584, 462817, 463045, 463148, 463162, 463330, 463386, 463410, 463453, 463534, 463772, 463782, 463835, 464005, 464457, 464512, 464601, 464676, 465065, 465221, 465231, 465242, 465320, 465321, 465376, 465424, 465529, 465587, 465718, 465758, 465828, 465889, 465949, 466057, 466106, 466123, 466380, 466389, 466438, 466604, 466897, 467086, 467146, 467272, 467309, 467577, 467708, 467817, 467991, 468112, 468165, 468279, 468346, 468565, 468622, 468662, 468862, 468960, 469002, 469119, 469408, 469507, 469605, 469665, 469674, 469810, 469982, 469993, 469998, 470159, 470236, 470464, 470477, 470597, 470647, 470721, 471002, 471057, 471067, 471164, 471250, 471426, 471759, 471926, 471943, 472011, 472128, 472231, 472253, 472326, 472450, 472493, 472592, 472682, 472729, 472759, 472879, 472932, 472975, 473018, 473312, 473628, 473635, 473928, 474000, 474253, 474372, 474708, 474842, 474999, 475002, 475056, 475223, 475313, 475393, 475401, 475469, 475514, 475559, 475568, 475573, 475581, 475693, 475940, 476317, 476352, 476381, 476413, 476466, 476667, 476675, 476881, 477001, 477059, 477101, 477164, 477181, 477295, 477390, 477443, 477472, 477703, 478013, 478029, 478153, 478197, 478258, 478294, 478376, 478530, 478593, 478726, 478990, 478994, 479106, 479182, 479492, 479569, 479613, 479808, 480000, 480038, 480065, 480071, 480247, 480374, 480496, 480623, 480675, 480754, 480886, 481074, 481224, 481306, 481311, 481311, 481578, 481750, 481836, 481903, 481996, 482035, 482066, 482256, 482358, 482546, 482587, 482646, 482654, 482696, 482839, 482883, 483264, 483355, 483373, 483459, 483608, 483850, 484060, 484120, 484215, 484359, 484515, 484637, 484673, 485039, 485080, 485468, 485559, 485628, 485682, 485926, 485962, 486018, 486019, 486098, 486110, 486377, 486410, 486418, 486446, 486504, 486529, 486636, 486670, 486743, 486820, 486890, 487248, 487298, 487394, 487479, 487494, 487647, 487779, 487803, 487857, 487884, 487888, 488015, 488055, 488092, 488252, 488266, 488296, 488458, 488546, 488690, 488853, 489008, 489154, 489187, 489346, 489394, 489407, 489434, 489560, 489764, 489764, 489789, 490037, 490345, 490521, 490646, 490735, 490925, 490979, 491095, 491103, 491149, 491166, 491172, 491172, 491256, 491341, 491394, 491395, 491409, 491411, 491440, 491524, 491549, 491609, 491762, 491863, 491956, 492075, 492117, 492449, 492453, 492454, 492548, 492600, 492680, 492823, 493045, 493059, 493325, 493368, 493433, 493441, 493518, 493583, 493725, 493819, 494107, 494225, 494547, 494549, 494869, 494925, 494992, 494997, 495167, 495298, 495321, 495578, 495594, 495689, 495954, 495966, 495990, 496013, 496083, 496145, 496168, 496188, 496253, 496403, 496702, 496751, 497004, 497244, 497439, 497461, 497551, 497655, 497700, 497990, 498033, 498461, 498513, 498514, 498634, 498640, 498698, 498768, 498803, 499052, 499180, 499236, 499320, 499362, 499438, 499486, 499836, 500039, 500057, 500074, 500131, 500234, 500291, 500292, 500435, 500544, 500759, 500873, 500984, 500987, 501114, 501305, 501328, 501766, 501785, 501786, 501801, 501813, 501844, 501884, 501972, 502199, 502298, 502352, 502394, 502576, 502872, 503176, 503191, 503229, 503254, 503506, 503531, 503645, 503957, 504053, 504286, 504600, 504613, 504668, 504884, 505081, 505094, 505246, 505252, 505384, 505483, 505582, 505628, 505654, 505705, 505730, 506075, 506128, 506162, 506298, 506561, 506815, 506827, 506966, 507132, 507218, 507224, 507443, 507444, 507565, 507572, 507719, 507770, 507890, 507915, 508004, 508021, 508210, 508394, 508418, 508464, 508683, 508880, 508931, 509354, 509397, 509421, 509464, 509504, 509526, 509579, 509652, 509656, 509657, 509658, 509699, 509808, 509902, 509905, 509930, 510179, 510599, 510705, 510745, 510840, 510844, 510847, 510867, 511057, 511091, 511171, 511269, 511306, 511320, 511848, 511923, 511937, 511943, 512252, 512587, 512589, 512704, 512818, 512829, 512859, 512862, 512885, 513071, 513099, 513284, 513531, 513541, 513575, 513626, 513857, 513995, 514015, 514844, 514881, 514924, 515056, 515217, 515371, 515739, 515996, 515998, 516085, 516302, 516511, 516527, 516543, 516624, 516646, 516811, 516837, 516946, 517088, 517135, 517299, 517326, 517493, 517550, 517767, 517823, 517832, 518085, 518153, 518260, 518354, 518463, 518490, 518592, 518825, 519028, 519090, 519104, 519157, 519165, 519320, 519345, 519420, 519520, 519573, 519577, 519600, 519642, 519887, 519932, 519998, 520072, 520207, 520263, 520367, 520437, 520500, 520661, 520684, 520709, 520745, 520830, 520851, 521022, 521256, 521740, 521804, 521887, 522034, 522039, 522294, 522320, 522360, 522387, 522412, 522605, 522625, 522648, 522652, 522653, 523046, 523103, 523329, 523436, 523458, 523548, 523733, 523780, 523809, 523950, 524011, 524181, 524364, 524449, 524449, 524513, 524564, 524632, 524636, 524852, 524879, 524907, 524916, 524958, 525069, 525227, 525379, 525724, 525729, 525951, 525962, 525998, 526212, 526286, 526325, 526370, 526413, 526437, 526441, 526545, 526584, 526630, 526632, 526650, 526674, 526891, 526895, 526982, 527149, 527295, 527330, 527502, 527543, 527818, 527922, 528033, 528160, 528404, 528529, 528727, 528805, 528901, 529175, 529191, 529395, 529414, 529538, 529553, 529558, 529600, 529636, 530088, 530112, 530122, 530134, 530170, 530302, 530368, 530379, 530406, 530422, 530481, 530528, 530747, 530786, 530841, 530859, 530905, 530947, 530987, 531031, 531318, 531326, 531379, 531400, 531566, 531702, 531733, 531746, 531751, 531875, 532086, 532124, 532213, 532252, 532347, 532452, 532902, 532905, 533159, 533234, 533312, 533333, 533390, 533515, 533533, 533538, 533650, 533665, 533715, 533799, 533906, 533934, 533972, 534080, 534358, 534540, 534818, 534865, 534990, 535172, 535226, 535495, 535791, 535816, 535956, 536020, 536138, 536171, 536200, 536228, 536279, 536408, 536501, 536537, 536658, 536737, 536772, 536894, 537397, 537438, 537696, 537754, 537774, 537977, 538241, 538348, 538376, 538475, 538481, 538492, 538619, 538894, 538928, 538935, 538954, 539064, 539101, 539157, 539190, 539193, 539218, 539282, 539489, 539515, 539563, 539791, 539794, 539805, 540017, 540119, 540151, 540157, 540187, 540328, 540355, 540455, 540797, 540869, 540889, 541195, 541245, 541293, 541690, 541956, 541989, 542012, 542017, 542087, 542560, 542596, 542623, 542672, 542708, 542775, 542898, 543105, 543127, 543141, 543295, 543350, 543382, 543389, 543426, 543740, 543845, 543938, 543951, 544075, 544084, 544398, 544519, 544618, 544684, 544848, 544879, 544910, 545092, 545112, 545218, 545444, 545595, 545625, 545644, 545783, 545835, 546190, 546279, 546283, 546693, 546785, 546962, 546973, 547178, 547268, 547328, 547387, 547388, 547393, 547440, 547455, 547458, 547481, 547679, 547742, 547802, 547918, 547951, 548036, 548053, 548101, 548404, 548657, 549146, 549176, 549181, 549213, 549414, 549415, 549453, 549734, 549755, 549763, 549773, 549923, 550050, 550058, 550234, 550411, 550723, 550742, 550747, 550890, 551137, 551153, 551220, 551287, 551482, 551495, 551519, 551593, 551685, 551716, 551764, 551772, 551973, 552009, 552137, 552257, 552354, 552381, 552511, 552596, 552874, 552952, 552952, 553045, 553054, 553101, 553182, 553191, 553415, 553470, 553502, 553683, 553726, 553740, 553772, 553832, 554032, 554241, 554634, 554671, 555010, 555038, 555102, 555274, 555276, 555280, 555347, 555410, 555492, 555761, 555778, 556155, 556174, 556249, 556281, 556395, 556698, 556839, 557055, 557311, 557566, 557584, 557706, 557711, 557735, 557739, 557807, 557828, 557878, 558021, 558065, 558091, 558127, 558155, 558263, 558365, 558412, 558432, 558582, 558656, 558803, 558887, 559070, 559137, 559160, 559303, 559400, 559544, 559598, 559623, 559731, 559759, 559995, 560075, 560089, 560168, 560264, 560273, 560330, 560435, 560834, 560959, 561108, 561149, 561403, 561515, 561605, 561707, 561811, 561901, 562172, 562172, 562194, 562337, 562355, 562409, 562625, 562662, 562738, 562744, 562775, 562795, 562851, 562902, 563023, 563213, 563252, 563426, 563628, 563791, 563858, 563917, 563971, 564062, 564256, 564461, 564489, 564494, 564523, 564552, 564568, 564647, 564729, 564746, 564798, 564869, 564894, 564939, 564942, 565031, 565154, 565525, 565534, 565609, 565644, 565695, 565717, 565745, 566051, 566120, 566266, 566355, 566470, 566486, 566499, 566529, 566539, 566768, 566795, 566865, 566950, 566995, 567032, 567276, 567437, 567443, 567614, 567657, 567827, 567862, 568120, 568278, 568342, 568404, 568417, 568607, 568628, 568673, 568835, 568863, 569002, 569075, 569211, 569312, 569317, 569469, 569540, 569653, 569900, 570047, 570175, 570182, 570204, 570435, 570474, 570628, 571121, 571124, 571136, 571325, 571406, 571616, 571629, 571688, 571856, 571980, 572095, 572116, 572218, 572229, 572294, 572477, 572593, 572601, 572631, 572643, 572680, 572781, 572799, 572923, 572958, 573128, 573139, 573354, 573359, 573399, 573475, 573483, 573514, 573716, 573860, 574065, 574106, 574330, 574447, 574492, 574743, 575116, 575374, 575377, 575472, 575476, 575481, 575549, 575560, 575660, 575676, 575881, 575926, 576080, 576136, 576278, 576440, 576449, 576469, 576471, 576491, 576494, 576530, 576869, 576883, 576904, 577101, 577348, 577434, 577552, 577830, 577839, 577907, 577976, 578001, 578201, 578214, 578467, 578476, 578520, 578529, 578546, 578560, 578580, 578798, 578915, 578934, 579119, 579135, 579337, 579419, 579450, 579548, 579717, 579764, 580121, 580516, 580550, 580594, 580643, 580712, 580755, 580775, 580794, 580874, 581093, 581169, 581231, 581401, 581480, 581499, 581553, 581554, 581638, 581863, 581896, 581968, 581984, 582139, 582328, 582383, 582562, 582740, 583519, 583547, 583598, 583609, 583626, 583679, 583762, 584201, 584313, 584389, 584520, 584565, 584601, 584833, 584909, 584991, 585006, 585134, 585142, 585179, 585268, 585351, 585476, 585530, 585618, 585729, 585737, 585808, 585818, 586078, 586159, 586349, 586357, 586545, 586597, 586686, 586957, 586962, 587413, 587461, 587779, 587798, 588075, 588158, 588234, 588549, 588595, 588602, 588874, 588908, 589036, 589228, 589234, 589298, 589299, 589321, 589363, 589404, 589496, 589587, 589597, 589851, 589906, 590015, 590036, 590383, 590406, 590497, 590527, 590724, 591048, 591070, 591095, 591097, 591225, 591279, 591320, 591344, 591425, 591434, 591515, 591828, 591837, 592032, 592075, 592219, 592308, 592421, 592466, 592509, 592513, 592668, 592829, 592835, 592887, 592933, 593094, 593097, 593400, 593450, 593808, 594306, 594341, 594369, 594440, 594448, 594466, 594499, 594514, 594556, 594723, 594811, 594839, 595019, 595087, 595499, 595499, 595536, 595536, 595685, 595702, 595850, 595898, 595905, 595935, 596044, 596083, 596368, 596400, 596406, 596531, 596566, 597104, 597154, 597300, 597459, 597714, 597875, 598128, 598170, 598236, 598252, 598257, 598449, 598526, 598534, 598612, 598678, 598849, 598870, 598907, 598913, 599012, 599068, 599116, 599181, 599187, 599306, 599418, 599523, 599729, 599914, 600177, 600396, 600406, 600477, 600582, 600713, 600791, 600811, 600841, 600981, 601033, 601088, 601288, 601434, 601435, 601462, 601462, 601474, 601514, 601567, 601645, 602144, 602165, 602177, 602184, 602229, 602298, 602308, 602442, 602444, 602462, 602494, 602605, 602608, 602772, 602825, 602828, 603185, 603191, 603327, 603501, 603532, 603566, 603576, 603625, 603762, 603821, 603870, 603889, 603977, 603995, 604065, 604131, 604320, 604326, 604427, 604519, 604531, 604624, 604648, 604687, 604768, 604807, 604938, 605423, 605568, 605584, 605725, 605782, 605874, 605939, 605946, 606076, 606352, 606381, 606426, 606437, 606494, 606560, 606564, 606571, 606596, 606913, 607015, 607184, 607397, 607511, 607587, 607684, 607703, 607722, 607982, 607994, 608148, 608289, 608410, 608513, 608564, 608574, 608664, 608816, 608945, 609033, 609099, 609152, 609173, 609187, 609247, 609261, 609374, 609424, 609548, 609620, 609627, 609727, 609840, 609937, 609945, 609958, 610043, 610095, 610130, 610379, 610692, 610815, 610842, 610984, 610999, 611092, 611112, 611192, 611362, 611544, 611606, 611879, 612087, 612114, 612211, 612359, 612461, 612495, 612556, 612564, 612581, 612786, 612981, 613109, 613136, 613213, 613217, 613488, 613719, 613752, 613870, 613884, 613899, 614137, 614233, 614267, 614342, 614363, 614432, 614648, 614802, 614862, 614990, 615032, 615136, 615188, 615253, 615814, 615909, 615969, 616162, 616487, 616518, 616553, 616665, 616746, 616764, 616817, 616984, 617100, 617234, 617646, 617752, 617943, 618227, 618327, 618532, 618756, 618853, 618927, 619011, 619178, 619270, 619506, 619558, 619640, 619752, 619941, 619976, 620075, 620143, 620215, 620236, 620318, 620355, 620503, 620739, 620806, 620814, 620875, 620949, 620997, 621171, 621218, 621253, 621429, 621579, 621794, 621869, 621992, 622024, 622075, 622106, 622334, 622621, 622769, 622797, 623014, 623080, 623095, 623226, 623314, 623322, 623322, 623404, 623808, 623895, 623989, 624046, 624132, 624271, 624291, 624431, 624479, 624629, 624719, 624767, 624944, 625073, 625090, 625243, 625253, 625273, 625381, 625393, 625414, 625483, 625512, 625604, 625698, 625714, 625822, 625961, 626084, 626090, 626170, 626192, 626220, 626343, 626501, 626501, 626720, 626771, 626899, 626947, 626970, 627047, 627139, 627144, 627146, 627210, 627267, 627429, 627654, 627656, 627731, 627866, 628043, 628055, 628128, 628286, 628535, 628547, 628569, 628613, 628686, 629102, 629343, 629348, 629582, 629607, 629739, 629790, 629824, 629839, 629860, 629876, 629891, 630171, 630298, 630411, 630466, 630827, 630956, 631014, 631126, 631254, 631372, 631397, 631480, 631633, 631651, 631680, 631883, 632119, 632221, 632292, 632442, 632567, 632622, 632644, 632662, 632926, 632954, 633000, 633010, 633071, 633425, 633531, 633600, 633626, 633754, 633762, 634247, 634433, 634466, 634601, 634637, 634762, 634911, 634928, 635006, 635135, 635214, 635496, 635509, 635521, 636067, 636151, 636211, 636232, 636505, 636540, 636544, 636581, 636637, 636774, 636864, 636883, 636994, 636995, 637235, 637323, 637427, 637651, 638106, 638283, 638439, 638493, 638512, 638551, 638609, 638738, 638835, 638880, 639000, 639319, 639559, 639770, 639872, 640359, 640406, 640435, 640448, 640552, 640640, 640852, 641126, 641159, 641171, 641192, 641261, 641288, 641336, 641449, 641700, 641823, 642025, 642182, 642239, 642252, 642437, 642444, 642516, 642556, 642572, 642891, 643028, 643147, 643440, 643476, 643476, 643483, 643519, 643753, 643992, 644258, 644263, 644266, 644483, 644537, 644621, 644646, 644757, 644921, 644954, 645005, 645106, 645634, 645770, 645814, 645872, 645930, 646038, 646070, 646146, 646152, 646200, 646559, 646681, 647043, 647177, 647238, 647256, 647312, 647385, 647479, 647804, 647912, 648209, 648243, 648370, 648440, 648487, 648538, 648583, 648670, 648714, 648780, 648863, 649038, 649050, 649118, 649303, 649305, 649410, 649642, 649783, 649916, 649960, 650061, 650084, 650188, 650335, 650341, 650351, 650507, 650677, 650751, 650811, 650876, 651065, 651178, 651202, 651239, 651328, 651379, 651578, 651579, 651589, 651613, 651680, 651737, 651744, 651757, 651830, 651968, 652010, 652046, 652047, 652066, 652236, 652300, 652363, 652497, 652591, 652847, 653164, 653174, 653305, 653315, 653317, 653479, 653512, 653646, 653848, 654097, 654235, 654262, 654408, 654496, 654577, 654664, 654683, 654841, 655050, 655080, 655175, 655371, 655379, 655497, 655634, 655687, 655763, 655840, 655922, 655973, 656280, 656303, 656365, 656400, 656574, 656786, 656872, 657084, 657086, 657093, 657253, 657255, 657320, 657333, 657623, 657743, 657930, 658152, 658194, 658467, 658807, 658886, 659017, 659040, 659270, 659383, 659445, 659672, 659812, 660091, 660100, 660131, 660153, 660177, 660198, 660321, 660327, 660333, 660444, 660617, 660719, 660816, 660839, 660934, 660956, 660983, 661048, 661053, 661116, 661236, 661241, 661244, 661268, 661395, 661414, 661439, 661495, 661552, 661590, 661639, 661767, 661815, 661883, 661897, 661937, 662054, 662165, 662191, 662252, 662379, 662408, 662482, 662486, 662551, 662606, 662778, 663098, 663195, 663356, 663529, 663681, 663706, 663933, 664023, 664086, 664086, 664188, 664258, 664303, 664339, 664426, 664540, 664591, 664623, 664643, 664697, 664704, 664739, 664749, 664873, 665005, 665046, 665401, 665434, 665532, 665597, 665621, 665635, 665640, 665654, 665969, 666014, 666113, 666176, 666251, 666486, 666502, 666533, 666706, 666724, 666790, 666792, 666898, 666912, 667057, 667149, 667443, 667488, 667499, 667662, 667744, 667786, 667792, 667813, 667874, 667925, 668231, 668344, 668387, 668524, 668838, 668933, 668945, 668963, 668984, 669375, 669582, 669613, 669913, 669938, 669958, 670164, 670267, 670501, 670520, 670546, 670790, 670827, 670879, 670906, 670974, 671001, 671106, 671254, 671269, 671340, 671389, 671511, 671599, 671735, 671799, 671866, 671871, 671996, 672189, 672290, 672464, 672508, 672511, 672576, 672689, 672702, 672718, 672759, 672819, 672874, 672911, 673089, 673235, 673265, 673460, 673657, 673740, 673822, 673997, 674042, 674107, 674119, 674150, 674421, 674494, 674673, 674755, 674989, 675081, 675147, 675292, 675711, 675990, 676056, 676065, 676375, 676598, 676820, 676836, 676854, 676990, 677025, 677163, 677195, 677271, 677325, 677368, 677415, 677430, 677486, 677696, 677862, 677900, 677962, 678022, 678116, 678266, 678327, 678338, 678346, 678567, 678584, 678585, 678624, 678713, 678754, 678842, 678885, 679145, 679161, 679340, 679359, 679422, 679466, 679488, 679512, 679594, 679805, 679812, 679869, 680031, 680153, 680377, 680642, 680713, 680760, 680820, 680824, 680933, 681079, 681129, 681201, 681211, 681548, 681555, 681650, 681687, 681704, 681737, 681740, 681927, 681932, 681937, 682025, 682097, 682131, 682165, 682304, 682372, 682459, 682475, 682809, 682839, 682868, 682945, 683013, 683067, 683102, 683165, 683256, 683260, 683277, 683367, 683630, 683767, 683777, 683887, 684010, 684028, 684294, 684452, 684621, 684664, 684712, 684867, 684986, 685028, 685082, 685311, 685318, 685406, 685453, 685577, 685745, 685886, 686164, 686473, 686584, 686723, 686867, 687127, 687139, 687149, 687180, 687316, 687404, 687509, 687619, 687720, 687985, 688026, 688134, 688248, 688336, 688361, 688410, 688463, 688580, 688685, 688932, 689020, 689047, 689332, 689363, 689506, 689526, 689555, 689602, 689609, 689673, 689926, 689969, 690206, 690220, 690283, 690429, 690430, 690457, 690698, 690767, 690801, 690933, 691056, 691076, 691134, 691157, 691186, 691223, 691364, 691419, 691525, 691581, 692433, 692806, 692824, 692830, 692859, 693158, 693486, 693742, 693743, 693860, 693871, 693998, 694134, 694140, 694163, 694211, 694284, 694425, 694672, 694685, 694729, 694980, 695183, 695376, 695634, 695641, 695729, 695868, 695987, 696011, 696087, 696261, 696305, 696406, 696472, 696576, 696614, 696661, 696674, 696675, 696759, 696761, 696870, 696882, 696966, 696993, 697203, 697502, 697568, 697572, 697703, 697760, 697871, 697912, 698037, 698085, 698188, 698204, 698464, 698589, 698728, 698837, 698899, 698911, 698947, 699010, 699154, 699430, 699451, 699484, 699663, 699665, 699677, 699721, 699770, 699782, 699853, 700170, 700273, 700285, 700379, 700381, 700426, 700485, 700505, 700600, 700696, 700753, 700811, 700876, 700909, 700984, 700994, 701002, 701101, 701193, 701201, 701472, 701518, 701566, 701583, 701689, 701692, 701724, 701755, 701843, 701960, 701997, 702001, 702021, 702172, 702285, 702333, 702363, 702669, 702782, 702801, 702876, 703205, 703212, 703270, 703309, 703327, 703352, 703503, 703611, 703738, 703945, 704017, 704123, 704282, 704290, 704298, 704299, 704389, 704665, 704698, 704790, 704863, 704868, 705001, 705053, 705126, 705359, 705427, 705443, 705470, 705670, 705700, 705770, 705783, 705808, 705882, 706049, 706073, 706137, 706194, 706250, 706411, 706448, 706503, 706684, 706771, 706955, 706982, 707060, 707248, 707292, 707304, 707562, 707877, 707965, 707974, 708169, 708456, 708466, 708493, 708550, 708586, 708662, 708866, 708891, 709000, 709145, 709236, 709282, 709436, 709446, 709484, 709576, 709643, 709747, 709861, 710031, 710102, 710108, 710212, 710253, 710304, 710366, 710401, 710461, 710487, 710585, 710694, 710821, 710887, 710934, 711302, 711530, 711604, 711820, 711883, 711912, 711976, 712072, 712108, 712119, 712198, 712304, 712351, 712358, 712370, 712402, 712521, 712699, 712758, 712816, 713100, 713108, 713246, 713354, 713421, 713644, 713659, 713863, 713879, 713905, 713984, 714200, 714225, 714251, 714414, 714731, 714739, 715008, 715047, 715061, 715071, 715207, 715210, 715213, 715248, 715270, 715395, 715453, 715539, 715720, 716054, 716292, 716770, 716929, 716936, 717051, 717064, 717147, 717167, 717171, 717176, 717267, 717386, 717535, 717590, 717886, 717960, 718086, 718165, 718317, 718359, 718368, 718380, 718442, 718449, 718630, 718714, 718872, 718976, 719053, 719153, 719221, 719224, 719336, 719570, 719818, 719887, 719912, 720147, 720189, 720217, 720279, 720384, 720498, 721016, 721065, 721129, 721184, 721254, 721294, 721429, 721493, 721584, 721691, 721882, 722174, 722190, 722383, 722404, 722453, 722609, 722657, 722746, 722866, 722960, 722963, 722977, 722991, 723083, 723217, 723247, 723272, 723320, 723352, 723364, 723503, 723607, 723653, 723855, 723904, 724079, 724248, 724597, 724598, 724729, 724905, 724921, 725354, 725377, 725452, 725616, 725649, 725810, 725952, 726031, 726059, 726770, 726815, 727010, 727035, 727152, 727335, 727436, 727490, 727507, 727562, 727704, 727725, 727784, 727882, 727987, 728056, 728160, 728235, 728368, 728429, 728463, 728500, 728616, 728719, 728771, 728809, 728827, 729075, 729165, 729182, 729297, 729499, 729982, 730078, 730129, 730131, 730262, 730355, 730544, 730582, 730675, 730743, 730843, 730923, 731002, 731061, 731074, 731111, 731256, 731347, 731389, 731456, 731613, 731620, 731889, 731901, 731908, 732148, 732159, 732163, 732182, 732678, 732762, 732972, 732981, 733059, 733333, 733364, 733389, 733439, 733480, 733558, 733611, 733667, 733744, 733933, 733952, 733966, 733978, 734003, 734184, 734209, 734220, 734234, 734335, 734788, 734931, 735029, 735070, 735108, 735553, 735774, 735963, 736012, 736184, 736232, 736410, 736759, 736766, 736864, 736898, 737029, 737153, 737153, 737301, 737323, 737678, 737804, 737848, 737963, 738234, 738340, 738378, 738532, 738539, 738857, 738950, 739116, 739409, 739496, 739608, 739736, 739961, 740108, 740140, 740521, 740592, 740894, 740939, 741478, 741491, 741607, 741810, 742030, 742126, 742177, 742289, 742427, 742538, 742611, 742693, 742800, 743077, 743129, 743170, 743368, 743538, 743615, 743772, 743813, 743893, 744025, 744156, 744167, 744202, 744230, 744247, 744483, 744511, 744556, 744583, 744655, 744826, 744975, 745085, 745155, 745218, 745370, 745381, 745430, 745479, 745541, 745770, 745835, 745930, 745933, 745943, 745969, 746083, 746143, 746159, 746191, 746210, 746314, 746340, 746347, 746445, 746500, 746633, 747002, 747056, 747067, 747183, 747198, 747243, 747427, 747540, 747601, 747713, 747874, 748080, 748210, 748232, 748318, 748347, 748723, 748740, 748742, 748983, 749328, 749628, 749956, 750122, 750130, 750180, 750197, 750200, 750220, 750253, 750282, 750301, 750511, 750580, 750585, 750756, 751042, 751222, 751442, 751487, 751524, 751562, 751733, 751758, 751767, 751799, 751799, 751869, 752040, 752041, 752087, 752133, 752251, 752295, 752400, 752573, 752648, 752763, 752768, 752798, 752816, 752896, 752974, 753021, 753055, 753097, 753119, 753149, 753174, 753177, 753290, 753417, 753522, 753616, 753671, 753673, 753732, 753770, 753804, 753880, 753999, 754067, 754111, 754449, 754595, 754638, 754642, 754875, 754943, 755475, 755605, 755639, 755799, 756033, 756092, 756194, 756244, 756261, 756293, 756423, 756470, 756549, 756562, 756690, 756873, 756999, 756999, 757068, 757080, 757147, 757192, 757323, 757400, 757552, 757593, 757613, 757619, 757714, 757737, 758088, 758116, 758121, 758176, 758293, 758309, 758310, 758461, 758552, 758761, 759067, 759069, 759245, 759335, 759397, 759459, 759583, 759875, 759940, 760352, 760453, 760490, 760593, 760651, 760682, 760777, 760900, 761234, 761243, 761250, 761371, 761524, 761627, 761700, 761822, 761871, 761945, 761998, 762027, 762063, 762171, 762173, 762183, 762198, 762249, 762283, 762327, 762342, 762399, 762563, 762585, 762601, 762617, 762813, 762885, 762961, 763025, 763091, 763208, 763311, 763500, 763526, 763543, 763631, 763925, 763968, 764208, 764250, 764295, 764320, 764394, 764441, 764540, 764847, 764871, 764895, 765118, 765230, 765310, 765318, 765328, 765387, 765461, 765483, 765619, 765644, 765827, 765844, 765847, 766149, 766152, 766246, 766479, 766940, 767424, 767605, 767680, 767687, 767851, 767877, 767934, 767936, 767937, 768116, 768138, 768195, 768271, 768359, 768504, 768728, 768815, 768863, 769099, 769128, 769275, 769631, 769822, 770030, 770355, 770364, 770435, 770464, 770533, 770976, 771052, 771113, 771180, 771420, 771465, 771469, 771516, 771623, 771650, 771756, 771850, 771924, 771937, 771944, 772046, 772132, 772344, 772414, 772511, 772516, 772536, 772607, 772613, 772736, 772960, 773140, 773294, 773372, 773435, 773518, 773606, 773667, 773881, 773883, 773897, 773926, 773970, 773997, 774344, 774346, 774576, 774793, 774815, 774874, 774932, 774933, 775097, 775151, 775210, 775413, 775433, 775494, 775693, 775771, 775910, 775960, 775969, 776127, 776168, 776420, 776499, 776589, 776654, 776660, 776778, 776832, 777050, 777105, 777493, 777514, 777515, 777531, 777673, 777768, 777779, 778086, 778171, 778196, 778403, 778588, 778752, 778901, 779029, 779121, 779223, 779254, 779417, 779491, 779713, 779791, 779794, 779867, 780025, 780061, 780072, 780186, 780246, 780537, 780546, 780595, 780664, 780776, 780902, 781003, 781089, 781272, 781325, 781373, 781379, 781461, 781553, 781587, 781591, 781606, 781722, 781785, 781963, 782014, 782024, 782035, 782084, 782159, 782287, 782317, 782361, 782383, 782438, 782747, 782766, 782802, 782920, 783127, 783192, 783197, 783310, 783719, 783744, 783793, 783982, 784099, 784202, 784208, 784386, 784921, 784952, 785061, 785183, 785259, 785276, 785280, 785369, 785479, 785726, 785798, 785834, 785916, 786090, 786094, 786310, 786342, 786415, 786457, 786469, 786543, 786639, 786668, 786749, 786754, 786834, 786934, 787053, 787088, 787229, 787238, 787618, 787624, 787624, 787752, 787767, 787887, 787939, 788090, 788306, 788354, 788450, 788649, 788788, 788931, 789016, 789420, 789461, 789498, 789579, 789679, 789811, 790055, 790082, 790177, 790219, 790238, 790318, 790455, 790696, 790729, 790805, 791051, 791102, 791183, 791384, 791415, 791466, 791483, 791525, 791902, 791961, 792005, 792087, 792114, 792205, 792479, 792770, 792924, 793103, 793231, 793497, 793498, 793529, 793612, 793630, 794010, 794233, 794282, 794351, 794489, 794680, 794734, 794891, 794898, 794964, 794995, 795101, 795245, 795275, 795382, 795541, 795586, 795676, 795776, 795808, 795822, 795840, 795862, 795880, 795888, 795941, 795962, 795975, 796202, 796292, 796550, 796713, 796912, 796912, 797026, 797454, 797481, 797551, 797829, 797845, 797939, 797953, 798171, 798261, 798292, 798400, 798523, 798559, 798618, 798689, 798853, 799043, 799067, 799276, 799313, 799377, 799465, 799473, 799588, 799693, 799822, 799856, 799858, 799864, 800015, 800030, 800090, 800142, 800192, 800202, 800247, 800516, 800553, 800553, 800688, 800984, 801009, 801010, 801044, 801091, 801155, 801255, 801281, 801287, 801321, 801512, 801680, 801722, 801728, 801906, 802014, 802043, 802117, 802158, 802217, 802348, 802423, 802489, 802497, 802501, 802766, 802785, 802857, 802964, 803090, 803250, 803406, 803421, 803505, 803527, 803679, 803684, 803760, 803774, 803785, 803844, 803866, 803915, 804000, 804012, 804016, 804227, 804255, 804409, 804416, 804607, 804625, 804695, 804838, 805014, 805138, 805203, 805212, 805263, 805557, 805762, 805890, 805935, 806004, 806081, 806097, 806312, 806443, 806489, 806646, 806676, 806708, 806768, 806979, 806995, 807009, 807077, 807117, 807399, 807549, 807550, 807561, 807564, 807656, 807733, 807805, 807860, 807944, 808063, 808258, 808595, 808646, 808775, 808869, 808976, 809109, 809199, 809232, 809455, 809490, 809500, 809506, 809670, 809752, 809786, 809973, 810131, 810400, 810402, 810468, 810688, 810689, 810709, 810728, 810733, 810805, 810900, 810938, 810995, 811098, 811235, 811243, 811349, 811488, 811532, 811701, 811759, 811796, 811842, 811954, 811985, 812188, 812198, 812308, 812370, 812435, 812515, 812536, 812653, 812715, 813180, 813204, 813286, 813420, 813688, 813815, 813828, 814013, 814144, 814198, 814256, 814370, 814372, 814409, 814521, 814546, 814690, 814815, 814893, 814958, 815012, 815026, 815089, 815503, 815550, 815776, 815836, 815845, 815897, 815989, 816047, 816071, 816598, 817122, 817258, 817287, 817370, 817375, 817482, 817522, 817526, 817581, 817785, 817820, 817832, 817863, 817998, 818028, 818161, 818162, 818322, 818473, 818763, 818909, 818994, 819143, 819204, 819248, 819272, 819278, 819389, 819518, 819522, 819607, 819712, 819900, 820006, 820208, 820294, 820344, 820398, 820518, 820724, 820792, 820961, 821283, 821412, 821464, 821486, 821572, 821778, 821839, 821939, 822148, 822155, 822284, 822332, 822355, 822559, 822734, 822782, 823369, 823457, 823512, 823718, 823738, 823889, 824015, 824171, 824267, 824303, 824381, 824443, 824507, 824595, 824600, 824663, 824686, 824697, 825089, 825198, 825233, 825234, 825299, 825416, 825484, 825637, 825772, 825801, 825826, 825931, 826210, 826274, 826424, 826504, 826668, 826745, 826768, 826898, 827072, 827078, 827168, 827291, 827392, 827464, 827692, 827973, 827998, 828065, 828228, 828248, 828277, 828415, 828503, 828665, 828757, 828808, 828986, 829039, 829078, 829086, 829205, 829282, 829326, 829353, 829367, 829403, 829453, 829476, 829703, 829867, 829901, 829928, 830161, 830317, 830539, 830606, 830626, 830687, 830736, 830792, 830793, 830904, 830911, 830987, 831039, 831147, 831175, 831451, 831530, 831568, 831592, 831597, 831800, 831867, 831882, 832015, 832227, 832267, 832330, 832356, 832433, 832496, 832497, 832539, 832564, 832601, 832709, 832721, 832727, 832774, 832784, 832804, 832932, 833038, 833115, 833202, 833341, 833355, 833459, 833584, 833630, 833750, 833770, 834312, 834661, 834790, 835226, 835287, 835297, 835353, 835450, 835466, 835664, 835769, 835950, 836069, 836099, 836257, 836266, 836395, 836505, 836694, 836806, 836857, 837137, 837153, 837283, 837330, 837489, 837498, 837679, 837790, 837872, 837903, 837923, 838278, 838544, 838712, 838808, 838923, 838964, 839007, 839048, 839097, 839125, 839245, 839399, 839440, 839692, 839734, 839752, 839957, 840000, 840057, 840213, 840365, 840504, 840564, 840609, 840636, 840699, 840876, 840919, 840970, 841011, 841051, 841087, 841204, 841307, 841355, 841413, 841737, 841801, 841821, 842107, 842410, 842462, 842471, 842496, 842567, 842641, 842747, 842811, 843040, 843128, 843282, 843577, 843601, 844050, 844058, 844157, 844373, 844564, 844792, 844894, 845295, 845304, 845390, 845483, 845501, 845618, 845660, 846159, 846199, 846329, 846387, 846548, 846603, 846661, 846706, 846769, 846858, 846900, 846908, 847033, 847115, 847299, 847563, 847852, 847871, 847900, 847937, 848263, 848281, 848660, 848801, 848864, 848885, 848903, 849032, 849301, 849426, 849449, 849615, 849764, 849875, 850053, 850086, 850232, 850252, 850275, 850295, 850565, 850705, 850793, 851162, 851184, 851266, 851330, 851353, 851539, 851625, 851634, 851673, 851959, 852084, 852117, 852160, 852323, 852459, 852556, 852604, 853099, 853117, 853354, 853410, 853514, 853615, 853630, 853665, 853720, 853952, 854013, 854067, 854179, 854268, 854356, 854512, 854694, 854739, 854743, 854868, 854909, 854919, 855089, 855132, 855170, 855196, 855692, 855697, 855733, 855903, 855924, 855993, 856135, 856147, 856210, 856552, 856925, 856989, 857016, 857087, 857157, 857212, 857231, 857306, 857400, 857532, 857631, 857653, 857871, 857888, 857960, 858109, 858298, 858449, 858468, 858567, 858682, 858777, 858942, 859030, 859064, 859232, 859250, 859307, 859323, 859500, 859854, 859876, 859887, 860112, 860167, 860290, 860383, 860438, 860586, 860681, 860691, 860753, 860922, 860958, 861052, 861054, 861145, 861188, 861638, 861685, 861732, 861836, 862106, 862112, 862166, 862368, 862380, 862387, 862851, 862881, 863141, 863304, 863390, 863540, 863610, 863701, 863753, 863770, 863784, 863816, 863910, 863998, 864036, 864184, 864328, 864328, 864387, 864450, 864635, 864661, 864978, 865067, 865089, 865096, 865309, 865463, 865472, 865598, 865689, 865694, 865934, 865989, 866015, 866131, 866177, 866197, 866245, 866253, 866266, 866314, 866381, 866428, 866468, 866653, 866655, 866771, 866862, 866921, 866936, 866953, 866988, 867198, 867200, 867321, 867328, 867328, 867340, 867392, 867575, 867771, 867774, 867823, 867865, 867988, 868049, 868085, 868088, 868145, 868270, 868344, 868352, 868416, 868679, 868729, 868778, 868885, 868955, 869056, 869087, 869098, 869126, 869237, 869572, 869585, 869593, 869609, 870201, 870373, 870448, 870538, 870595, 870753, 870754, 870778, 870838, 870871, 870913, 870922, 871127, 871341, 871346, 871362, 871483, 871521, 871664, 872013, 872338, 872425, 872535, 872615, 872668, 872906, 873029, 873208, 873225, 873412, 873437, 873448, 873516, 873536, 873699, 873990, 874319, 874423, 874533, 874581, 874607, 874788, 875100, 875145, 875502, 875540, 875911, 876023, 876063, 876496, 876553, 876620, 876630, 876638, 876660, 876682, 876775, 876840, 876940, 876955, 877101, 877139, 877407, 877675, 877776, 877809, 878014, 878130, 878145, 878160, 878320, 878438, 878585, 878639, 878744, 879109, 879112, 879210, 879232, 879254, 879273, 879285, 879319, 879321, 879333, 879343, 879387, 879564, 879623, 879757, 879764, 879777, 879806, 879834, 879838, 879849, 879954, 880098, 880105, 880213, 880495, 880505, 880702, 880717, 880798, 880823, 880891, 880902, 880954, 881161, 881234, 881336, 881384, 881443, 881449, 881464, 881581, 881601, 881667, 881684, 881803, 881803, 882035, 882074, 882120, 882191, 882243, 882425, 882454, 882655, 882710, 882730, 882836, 882917, 883046, 883076, 883254, 883342, 883507, 883549, 883586, 883719, 883849, 883952, 883963, 884008, 884079, 884160, 884445, 884631, 884647, 884654, 884707, 884714, 884794, 884841, 884842, 885034, 885084, 885200, 885231, 885493, 885563, 885715, 885765, 885894, 885898, 885973, 886032, 886058, 886106, 886359, 886412, 886578, 886758, 886771, 886903, 887114, 887251, 887281, 887291, 887374, 887731, 887773, 887859, 887873, 887874, 887898, 888022, 888071, 888228, 888427, 888548, 888761, 888808, 888872, 888924, 888944, 888953, 889276, 889435, 889567, 889711, 889820, 889938, 890058, 890114, 890132, 890180, 890302, 890348, 890363, 890393, 890485, 890529, 890723, 890898, 890950, 891034, 891038, 891175, 891197, 891203, 891311, 891444, 891455, 891826, 891898, 891920, 891935, 892104, 892199, 892320, 892506, 892600, 892762, 892953, 893103, 893136, 893341, 893480, 893499, 893532, 893601, 893702, 893865, 894074, 894126, 894162, 894190, 894431, 894534, 894626, 894652, 894683, 894781, 894825, 894853, 895046, 895339, 895386, 895532, 895644, 895955, 896057, 896075, 896166, 896197, 896233, 896484, 896521, 896629, 896656, 896675, 896992, 897003, 897181, 897396, 897623, 897661, 897728, 897785, 897813, 897845, 897862, 897934, 897938, 898000, 898079, 898167, 898416, 898499, 898636, 898718, 898890, 899054, 899089, 899294, 899544, 899605, 899670, 899779, 899808, 899970, 900228, 900399, 900543, 900651, 900685, 900710, 900720, 900941, 900970, 901153, 901343, 901442, 901454, 901776, 901987, 902099, 902268, 902365, 902399, 902606, 902618, 902628, 902776, 903047, 903137, 903169, 903173, 903272, 903291, 903293, 903294, 903926, 903961, 904011, 904041, 904171, 904215, 904244, 904315, 904355, 904402, 904465, 904499, 904509, 904713, 904878, 905020, 905056, 905086, 905162, 905209, 905222, 905657, 905673, 905910, 905944, 905970, 906056, 906256, 906532, 906667, 906720, 906801, 907009, 907140, 907181, 907494, 907593, 907713, 907881, 907898, 907992, 908442, 908611, 908946, 909066, 909368, 909612, 909801, 909809, 909867, 910232, 910291, 910410, 910527, 910565, 910673, 910700, 910739, 910781, 910978, 911078, 911120, 911351, 911361, 911431, 911520, 911610, 911701, 911708, 911855, 911975, 912002, 912017, 912118, 912157, 912231, 912260, 912286, 912361, 912395, 912484, 912487, 912509, 912717, 912870, 913023, 913027, 913111, 913201, 913293, 913323, 913358, 913398, 913439, 913441, 913563, 913604, 913616, 913626, 913902, 913941, 913986, 914000, 914008, 914064, 914103, 914277, 914436, 914556, 914619, 914878, 914908, 915137, 915184, 915222, 915349, 915618, 915656, 915770, 915898, 916082, 916128, 916193, 916333, 916416, 916699, 916787, 916792, 916804, 916817, 916900, 917192, 917357, 917433, 917513, 917534, 917613, 917636, 917734, 917781, 917873, 917949, 918070, 918110, 918238, 918271, 918368, 918392, 918471, 918526, 918587, 918781, 918793, 918804, 918809, 918877, 918995, 919242, 919309, 919345, 919439, 919685, 919730, 919857, 919980, 920114, 920207, 920306, 920328, 920569, 920686, 920732, 920736, 920871, 921017, 921157, 921261, 921303, 921317, 921409, 921420, 921457, 921548, 921549, 921590, 921640, 921714, 921767, 921841, 921847, 921946, 922020, 922029, 922089, 922236, 922288, 922318, 922332, 922404, 922668, 922690, 922700, 922763, 922795, 922972, 923027, 923047, 923086, 923124, 923264, 923308, 923436, 923577, 923597, 923783, 923794, 923948, 924083, 924121, 924150, 924234, 924319, 924353, 924399, 924611, 924777, 925065, 925113, 925218, 925298, 925371, 925380, 925494, 925521, 925556, 925664, 925766, 925930, 925978, 926196, 926201, 926260, 926479, 926534, 926594, 926717, 926735, 926771, 926807, 926812, 926956, 927049, 927128, 927251, 927330, 927379, 927481, 927571, 927624, 927764, 927769, 927789, 927792, 927859, 927928, 928287, 928329, 928349, 928441, 928536, 928568, 928603, 928638, 928681, 928683, 928742, 928744, 928749, 928860, 929038, 929178, 929211, 929229, 929391, 929414, 929598, 929614, 929677, 929734, 929899, 930012, 930055, 930060, 930330, 930390, 930466, 930673, 930733, 930992, 931036, 931038, 931346, 931374, 931425, 931433, 931466, 931484, 931543, 931618, 931659, 931669, 931679, 931744, 932030, 932100, 932186, 932224, 932661, 932803, 932881, 932902, 933026, 933237, 933238, 933334, 933427, 933565, 933635, 933657, 933946, 933990, 934043, 934056, 934223, 934240, 934240, 934265, 934267, 934357, 934554, 934677, 934680, 934778, 934913, 935174, 935181, 935218, 935220, 935223, 935350, 935410, 935427, 935462, 935737, 935985, 936275, 936275, 936313, 936531, 936683, 936901, 937072, 937444, 937839, 937998, 938389, 938437, 938472, 938512, 938525, 938613, 938618, 938734, 938791, 938900, 939049, 939141, 939150, 939513, 939587, 939592, 939918, 940261, 940446, 940616, 940629, 941052, 941265, 941396, 941408, 941483, 941890, 942038, 942294, 942331, 942565, 942655, 942783, 942857, 942902, 943026, 943152, 943333, 943613, 943632, 943705, 943716, 943943, 944144, 944189, 944214, 944385, 944424, 944597, 944773, 944866, 944869, 944887, 945069, 945202, 945228, 945325, 945675, 945862, 945909, 946075, 946104, 946111, 946207, 946317, 946424, 946526, 946774, 946818, 947105, 947278, 947355, 947523, 947553, 947619, 947723, 947862, 947922, 948111, 948118, 948149, 948237, 948468, 948469, 948645, 948710, 948757, 948899, 948920, 948922, 949023, 949027, 949143, 949182, 949241, 949330, 949426, 949456, 949563, 949648, 949788, 949845, 949887, 949975, 949987, 950021, 950033, 950172, 950335, 950391, 950484, 950580, 950645, 950651, 950859, 951038, 951575, 951661, 952120, 952265, 952301, 952412, 952438, 952457, 952594, 952697, 952745, 952939, 952940, 953045, 953080, 953160, 953165, 953244, 953254, 953254, 953255, 953275, 953542, 953625, 953696, 953843, 954375, 954618, 954626, 954636, 954664, 954707, 954846, 954912, 954941, 954946, 955011, 955038, 955078, 955117, 955145, 955214, 955229, 955500, 955537, 955627, 955804, 955914, 955948, 956067, 956272, 956335, 956481, 956567, 956617, 956681, 956685, 956688, 956899, 956952, 957030, 957082, 957154, 957221, 957317, 957537, 957731, 957773, 957999, 958407, 958599, 958648, 958686, 958762, 958811, 958894, 959085, 959165, 959194, 959360, 959393, 959408, 959476, 959497, 959569, 959578, 959771, 959848, 959874, 960065, 960242, 960276, 960726, 960768, 960809, 960986, 961023, 961055, 961070, 961071, 961214, 961217, 961265, 961366, 961574, 961589, 961685, 961729, 961900, 961960, 962008, 962136, 962154, 962213, 962303, 962319, 962370, 962501, 962567, 962701, 962775, 963567, 963574, 963575, 963607, 963726, 963741, 963758, 963806, 963989, 964165, 964168, 964209, 964236, 964282, 964366, 964445, 964504, 964535, 964612, 964770, 964773, 964780, 964852, 964875, 965242, 965401, 965700, 965717, 965790, 965948, 966087, 966234, 966537, 966574, 966668, 966683, 966714, 966726, 966730, 966763, 966877, 966930, 966995, 967454, 967481, 967872, 967992, 968080, 968098, 968120, 968203, 968207, 968332, 968338, 968338, 968384, 968421, 968503, 968536, 968537, 968605, 968624, 968703, 968710, 968730, 968828, 968937, 969063, 969173, 969203, 969322, 969337, 969383, 969573, 969619, 969736, 969763, 969974, 970087, 970105, 970236, 970244, 970273, 970496, 970572, 970761, 970862, 970952, 971021, 971091, 971449, 971454, 971622, 971667, 971676, 971821, 971838, 971879, 971943, 972072, 972105, 972194, 972276, 972303, 972344, 972373, 972572, 972583, 972637, 972788, 972807, 973016, 973035, 973241, 973352, 973387, 973392, 973682, 974009, 974033, 974039, 974235, 974293, 974327, 974434, 974442, 974487, 974529, 974653, 974665, 974702, 974815, 974958, 975051, 975061, 975328, 975346, 975463, 975539, 975675, 976012, 976088, 976462, 976574, 976657, 976791, 976838, 977045, 977058, 977059, 977062, 977256, 977391, 977407, 977453, 977471, 977671, 977714, 977929, 978612, 978731, 978802, 978818, 978926, 978945, 979030, 979068, 979125, 979318, 979334, 979358, 979434, 979441, 979601, 979658, 979693, 979733, 979754, 979816, 979887, 980063, 980146, 980149, 980195, 980232, 980242, 980339, 980478, 980544, 980647, 980679, 980733, 980763, 980784, 980863, 980880, 980897, 980960, 981055, 981172, 981208, 981314, 981317, 981358, 981496, 981579, 981585, 981604, 981851, 981861, 981915, 982031, 982045, 982130, 982145, 982155, 982297, 982313, 982364, 982374, 982548, 982603, 982723, 982850, 982901, 983062, 983117, 983172, 983214, 983304, 983414, 983486, 983542, 983768, 984292, 984369, 984369, 984395, 984455, 984472, 984535, 984634, 984724, 984842, 984930, 985019, 985066, 985076, 985140, 985215, 985241, 985246, 985543, 985600, 985701, 985802, 986074, 986177, 986283, 986297, 986327, 986354, 986725, 986773, 986926, 987268, 987296, 987359, 987407, 987603, 987611, 987635, 987674, 987993, 988004, 988112, 988149, 988225, 988255, 988300, 988413, 988436, 988458, 988659, 988713, 988809, 989249, 989446, 989551, 989601, 989605, 989615, 989846, 989867, 989990, 990077, 990140, 990579, 990699, 990870, 991128, 991250, 991344, 991417, 991418, 991449, 991486, 991558, 991746, 991995, 992225, 992389, 992390, 992403, 992422, 992423, 992464, 992679, 992696, 992729, 992806, 992923, 993083, 993254, 993280, 993368, 993457, 993511, 993599, 993644, 993688, 993749, 993782, 994192, 994211, 994244, 994250, 994351, 994448, 994463, 994511, 994799, 995128, 995220, 995240, 995263, 995385, 995412, 995425, 995434, 995469, 995491, 995559, 995743, 995762, 995887, 995903, 995997, 996432, 996660, 996739, 996761, 996880, 996967, 996978, 997022, 997054, 997056, 997095, 997095, 997331, 997387, 997459, 997477, 997564, 997692, 997779, 997814, 997929, 997958, 998086, 998129, 998182, 998189, 998334, 998355, 998471, 998515, 998566, 998654, 999174, 999322, 999448, 999454, 999527, 999777, 999910, 1000011, 1000113, 1000269, 1000390, 1000455, 1000519, 1000802, 1000948, 1001110, 1001216, 1001573, 1001649, 1001726, 1001749, 1001786, 1001885, 1001920, 1002017, 1002038, 1002065, 1002087, 1002246, 1002294, 1002502, 1002549, 1002635, 1002731, 1002749, 1002844, 1003056, 1003262, 1003280, 1003324, 1003364, 1004130, 1004166, 1004193, 1004213, 1004215, 1004230, 1004303, 1004342, 1004628, 1004768, 1004821, 1004926, 1004981, 1005040, 1005188, 1005211, 1005414, 1005505, 1005605, 1005723, 1005857, 1005904, 1006005, 1006008, 1006131, 1006191, 1006237, 1006271, 1006327, 1006388, 1006479, 1006510, 1006605, 1006608, 1006646, 1006854, 1006949, 1007007, 1007066, 1007380, 1007380, 1007410, 1007434, 1007659, 1007807, 1007842, 1007863, 1007866, 1007911, 1008008, 1008033, 1008108, 10081
[...]
63, 7781886, 7781949, 7781990, 7782048, 7782081, 7782224, 7782449, 7782498, 7782636, 7782872, 7782895, 7782963, 7782963, 7783123, 7783207, 7783261, 7783279, 7783355, 7783387, 7783434, 7783438, 7783486, 7783555, 7783598, 7783650, 7783712, 7783784, 7783788, 7784037, 7784049, 7784104, 7784282, 7784311, 7784330, 7784433, 7784435, 7784548, 7784739, 7784779, 7784799, 7784949, 7784971, 7785090, 7785131, 7785525, 7785540, 7785541, 7785614, 7785727, 7785971, 7786181, 7786321, 7786391, 7786511, 7786547, 7786577, 7786727, 7786738, 7786848, 7786902, 7786980, 7787242, 7787311, 7787372, 7787374, 7787505, 7787523, 7787569, 7787610, 7787729, 7787854, 7787867, 7787890, 7787903, 7787989, 7788032, 7788274, 7788276, 7788360, 7788406, 7788421, 7788441, 7788638, 7788946, 7789067, 7789100, 7789153, 7789299, 7789497, 7789600, 7789824, 7789868, 7790027, 7790104, 7790315, 7790422, 7790547, 7790691, 7790776, 7790899, 7791022, 7791125, 7791209, 7791261, 7791472, 7791486, 7791550, 7791586, 7791657, 7791687, 7791788, 7791807, 7791821, 7791843, 7791936, 7792030, 7792168, 7792201, 7792220, 7792245, 7792350, 7792353, 7792455, 7792479, 7792640, 7792783, 7792898, 7792918, 7793069, 7793562, 7793641, 7793793, 7793875, 7793877, 7793958, 7793974, 7794101, 7794341, 7794398, 7794452, 7794522, 7794531, 7794614, 7794644, 7794842, 7794906, 7795175, 7795294, 7795340, 7795450, 7795482, 7795588, 7795933, 7796090, 7796106, 7796119, 7796184, 7796201, 7796204, 7796292, 7796316, 7796349, 7796535, 7796662, 7796706, 7796805, 7797031, 7797049, 7797062, 7797272, 7797302, 7797432, 7797473, 7797584, 7797715, 7797780, 7797855, 7797866, 7797946, 7798007, 7798064, 7798357, 7798368, 7798398, 7798571, 7798741, 7798758, 7798929, 7798966, 7799006, 7799165, 7799172, 7799225, 7799425, 7799444, 7799560, 7799724, 7799747, 7799761, 7799803, 7799809, 7799835, 7800038, 7800386, 7800414, 7800740, 7800853, 7800863, 7800948, 7801027, 7801076, 7801099, 7801150, 7801161, 7801193, 7801345, 7801355, 7801377, 7801494, 7801629, 7801646, 7801685, 7801701, 7801767, 7801768, 7801916, 7802255, 7802350, 7802400, 7802403, 7802418, 7802766, 7802772, 7802836, 7802844, 7802844, 7802929, 7802946, 7803358, 7803411, 7803476, 7803603, 7803611, 7803924, 7803928, 7803979, 7803983, 7804061, 7804128, 7804149, 7804200, 7804246, 7804585, 7804602, 7804608, 7804661, 7804848, 7805035, 7805038, 7805045, 7805109, 7805139, 7805517, 7805531, 7805534, 7805543, 7805593, 7805615, 7805917, 7805922, 7805928, 7806000, 7806036, 7806253, 7806305, 7806365, 7806368, 7806385, 7806709, 7806800, 7806864, 7806954, 7807050, 7807094, 7807120, 7807969, 7808143, 7808389, 7808445, 7808516, 7808726, 7808869, 7808988, 7808994, 7809095, 7809267, 7809324, 7809744, 7809746, 7809822, 7809849, 7809927, 7809958, 7810031, 7810060, 7810251, 7810361, 7810365, 7810399, 7810444, 7810506, 7810712, 7810843, 7811104, 7811239, 7811344, 7811438, 7811513, 7811530, 7811744, 7811906, 7811917, 7812105, 7812138, 7812155, 7812277, 7812340, 7812517, 7812626, 7812678, 7812696, 7812803, 7812864, 7812920, 7813345, 7813375, 7813392, 7813500, 7813632, 7813867, 7813890, 7814057, 7814113, 7814208, 7814219, 7814526, 7814569, 7814602, 7814649, 7814701, 7814702, 7814725, 7814758, 7814832, 7814865, 7814982, 7815082, 7815274, 7815327, 7815406, 7815534, 7815556, 7815588, 7815620, 7815669, 7815799, 7816063, 7816107, 7816192, 7816309, 7816399, 7816433, 7816563, 7816574, 7816576, 7816718, 7816834, 7816852, 7816956, 7816961, 7816994, 7817155, 7817176, 7817180, 7817269, 7817381, 7817513, 7817678, 7817700, 7817725, 7817756, 7817824, 7818269, 7818371, 7818389, 7818452, 7818497, 7818500, 7818579, 7818804, 7818839, 7818957, 7818966, 7819024, 7819165, 7819216, 7819230, 7819307, 7819445, 7819720, 7819725, 7820032, 7820050, 7820160, 7820490, 7820576, 7820730, 7820821, 7820905, 7820918, 7820947, 7821120, 7821206, 7821223, 7821230, 7821296, 7821344, 7821357, 7821494, 7821735, 7821860, 7821982, 7822076, 7822210, 7822234, 7822303, 7822401, 7822402, 7822420, 7822672, 7822714, 7822863, 7822892, 7822896, 7822906, 7823018, 7823111, 7823116, 7823402, 7823633, 7823710, 7823879, 7823897, 7824019, 7824091, 7824238, 7824253, 7824254, 7824254, 7824515, 7824592, 7824665, 7824681, 7824846, 7825038, 7825221, 7825229, 7825418, 7825427, 7825464, 7825502, 7825715, 7825764, 7825823, 7826022, 7826270, 7826312, 7826374, 7826379, 7826440, 7826516, 7826620, 7826787, 7826848, 7826900, 7827145, 7827203, 7827252, 7827342, 7827514, 7827639, 7827731, 7827819, 7827896, 7827896, 7827919, 7827934, 7827963, 7827993, 7828200, 7828284, 7828579, 7828706, 7828721, 7828844, 7828869, 7829120, 7829122, 7829172, 7829213, 7829275, 7829361, 7829462, 7829513, 7829626, 7829700, 7829778, 7830178, 7830363, 7830369, 7830382, 7830485, 7830540, 7830648, 7830846, 7830996, 7831089, 7831404, 7831405, 7831439, 7831490, 7831561, 7831631, 7831675, 7831677, 7831735, 7831825, 7831857, 7832072, 7832107, 7832248, 7832306, 7832391, 7832549, 7832555, 7832730, 7832807, 7832812, 7832846, 7832932, 7832945, 7833107, 7833132, 7833283, 7833326, 7833434, 7833442, 7833479, 7833677, 7833714, 7833842, 7833861, 7834020, 7834172, 7834210, 7834436, 7834468, 7834548, 7834730, 7834773, 7834984, 7834990, 7835056, 7835101, 7835276, 7835419, 7835508, 7835512, 7835850, 7836011, 7836050, 7836158, 7836217, 7836483, 7836693, 7836742, 7836815, 7836959, 7837066, 7837138, 7837169, 7837208, 7837260, 7837324, 7837687, 7837861, 7838117, 7838213, 7838213, 7838295, 7838392, 7838539, 7838604, 7838963, 7838967, 7838999, 7839224, 7839430, 7839517, 7839548, 7839549, 7839625, 7839645, 7839887, 7839928, 7839960, 7840222, 7840466, 7840622, 7840726, 7840930, 7841151, 7841188, 7841261, 7841265, 7841423, 7841502, 7841521, 7841580, 7841614, 7841641, 7841695, 7841910, 7841964, 7842007, 7842166, 7842227, 7842250, 7842361, 7842461, 7842655, 7842667, 7842694, 7842880, 7842946, 7842988, 7843072, 7843164, 7843217, 7843222, 7843309, 7843488, 7843584, 7843834, 7843909, 7843979, 7844078, 7844248, 7844285, 7844484, 7844528, 7844548, 7844672, 7844712, 7844714, 7844768, 7844847, 7844907, 7844941, 7845000, 7845002, 7845196, 7845215, 7845243, 7845437, 7845514, 7845540, 7845643, 7845978, 7846076, 7846173, 7846386, 7846396, 7846578, 7846600, 7846676, 7846815, 7846885, 7847060, 7847227, 7847233, 7847430, 7847446, 7847548, 7847577, 7847748, 7848016, 7848024, 7848263, 7848361, 7848405, 7848410, 7848413, 7848477, 7848583, 7848598, 7848641, 7848852, 7848917, 7849048, 7849186, 7849220, 7849235, 7849408, 7849468, 7849471, 7849493, 7849591, 7849649, 7849716, 7849864, 7850095, 7850206, 7850209, 7850221, 7850304, 7850323, 7850402, 7850429, 7850585, 7850712, 7850771, 7850822, 7850895, 7850968, 7850987, 7851052, 7851097, 7851115, 7851180, 7851215, 7851431, 7851550, 7851611, 7851756, 7851801, 7851946, 7851985, 7851995, 7852207, 7852264, 7852486, 7852577, 7852655, 7852702, 7852779, 7852823, 7852846, 7852872, 7852976, 7853102, 7853217, 7853347, 7853818, 7853819, 7853987, 7854010, 7854021, 7854209, 7854357, 7854473, 7854512, 7854529, 7854608, 7854659, 7854722, 7855209, 7855215, 7855307, 7855353, 7855424, 7855528, 7855718, 7855733, 7855747, 7855826, 7855885, 7856176, 7856311, 7856361, 7856398, 7856582, 7856635, 7856644, 7856922, 7856965, 7857002, 7857068, 7857094, 7857123, 7857330, 7857471, 7857638, 7857647, 7857677, 7857745, 7857771, 7857860, 7857896, 7858045, 7858141, 7858201, 7858250, 7858364, 7858404, 7858458, 7858604, 7858681, 7858709, 7858709, 7858803, 7859311, 7859312, 7859533, 7859883, 7859900, 7859936, 7859958, 7860067, 7860125, 7860190, 7860246, 7860442, 7860458, 7860463, 7860538, 7860694, 7860755, 7860860, 7860961, 7861095, 7861099, 7861111, 7861138, 7861269, 7861462, 7861538, 7861681, 7861871, 7862027, 7862136, 7862338, 7862431, 7862534, 7862585, 7862634, 7862931, 7862958, 7863257, 7863525, 7864226, 7864229, 7864426, 7864447, 7864482, 7864644, 7864691, 7864866, 7864931, 7864933, 7864970, 7865000, 7865048, 7865086, 7865122, 7865151, 7865207, 7865359, 7865579, 7865617, 7865696, 7865914, 7866084, 7866151, 7866200, 7866436, 7866468, 7866468, 7866539, 7866540, 7866653, 7866664, 7866753, 7867007, 7867113, 7867137, 7867327, 7867341, 7867346, 7867456, 7867492, 7867506, 7867528, 7867592, 7867856, 7867866, 7867866, 7868082, 7868100, 7868178, 7868420, 7868450, 7868601, 7868646, 7868880, 7868900, 7869009, 7869049, 7869090, 7869095, 7869291, 7869426, 7869471, 7869491, 7869625, 7869748, 7869775, 7869837, 7869870, 7870385, 7870432, 7870486, 7870522, 7870541, 7870584, 7870761, 7871074, 7871086, 7871162, 7871208, 7871325, 7871364, 7871420, 7871479, 7871511, 7871589, 7871737, 7871744, 7871799, 7871819, 7872026, 7872176, 7872219, 7872258, 7872378, 7872379, 7872563, 7872709, 7872751, 7872789, 7873008, 7873031, 7873168, 7873215, 7873261, 7873440, 7873444, 7873519, 7873543, 7873858, 7874027, 7874232, 7874233, 7874251, 7874338, 7874419, 7874894, 7874941, 7874995, 7875188, 7875333, 7875419, 7875529, 7875590, 7875681, 7875823, 7876041, 7876065, 7876273, 7876326, 7876342, 7876377, 7876606, 7876683, 7876695, 7876754, 7876782, 7876826, 7876918, 7876954, 7877092, 7877131, 7877175, 7877190, 7877272, 7877486, 7877486, 7877489, 7877561, 7877606, 7877833, 7878238, 7878584, 7878949, 7878988, 7879140, 7879253, 7879326, 7879521, 7879548, 7879699, 7879755, 7879835, 7879918, 7879962, 7880310, 7880447, 7880484, 7880493, 7880591, 7880681, 7880714, 7881033, 7881166, 7881348, 7881414, 7881464, 7881592, 7881594, 7881616, 7881619, 7881820, 7882274, 7882430, 7882480, 7882836, 7882870, 7883114, 7883363, 7883397, 7883431, 7883458, 7883674, 7883857, 7884071, 7884115, 7884189, 7884216, 7884229, 7884275, 7884411, 7884426, 7884485, 7884574, 7884597, 7884652, 7884782, 7884841, 7884883, 7885111, 7885132, 7885183, 7885265, 7885361, 7885408, 7885450, 7885499, 7885506, 7885515, 7885691, 7885793, 7885927, 7886029, 7886164, 7886191, 7886274, 7886541, 7886678, 7886731, 7886960, 7886993, 7887177, 7887365, 7887376, 7887413, 7887586, 7887722, 7887907, 7887934, 7887952, 7887953, 7888016, 7888150, 7888205, 7888276, 7888297, 7888364, 7888396, 7888413, 7888477, 7888494, 7888623, 7888632, 7888716, 7888767, 7888772, 7888859, 7888948, 7889249, 7889272, 7889281, 7889316, 7889545, 7889551, 7889586, 7889628, 7889662, 7889696, 7889878, 7889879, 7889891, 7890116, 7890164, 7890167, 7890199, 7890233, 7890244, 7890283, 7890327, 7890443, 7890519, 7890551, 7890621, 7890713, 7891040, 7891043, 7891071, 7891110, 7891187, 7891216, 7891280, 7891356, 7891408, 7891541, 7891549, 7891678, 7891687, 7891730, 7891880, 7892167, 7892179, 7892218, 7892355, 7892492, 7892496, 7892524, 7892562, 7892806, 7892843, 7892861, 7892932, 7892953, 7892981, 7892992, 7893124, 7893134, 7893177, 7893241, 7893275, 7893282, 7893298, 7893310, 7893430, 7893559, 7893789, 7893923, 7893969, 7894062, 7894145, 7894223, 7894545, 7894804, 7894830, 7895071, 7895244, 7895284, 7895367, 7895406, 7895462, 7895520, 7895587, 7895723, 7895908, 7896081, 7896109, 7896249, 7896294, 7896388, 7896574, 7896677, 7896730, 7896835, 7896844, 7896863, 7896909, 7897051, 7897177, 7897372, 7897436, 7897510, 7897638, 7897656, 7897706, 7897807, 7897929, 7897947, 7898220, 7898365, 7898422, 7898492, 7898616, 7898851, 7899027, 7899030, 7899053, 7899258, 7899316, 7899328, 7899394, 7899651, 7899754, 7899854, 7899994, 7900281, 7900448, 7900544, 7900591, 7900711, 7900843, 7900844, 7901085, 7901423, 7901509, 7901563, 7901778, 7902208, 7902351, 7902359, 7902467, 7902821, 7902858, 7902886, 7903032, 7903072, 7903077, 7903374, 7903405, 7903731, 7903748, 7903803, 7904150, 7904184, 7904351, 7904390, 7904528, 7904580, 7904808, 7904821, 7904847, 7904879, 7904888, 7904937, 7904961, 7905044, 7905122, 7905502, 7905531, 7905545, 7905652, 7905694, 7905740, 7906179, 7906694, 7906798, 7906835, 7906923, 7907038, 7907071, 7907084, 7907124, 7907133, 7907154, 7907179, 7908063, 7908194, 7908303, 7908404, 7908537, 7908563, 7908610, 7908765, 7908811, 7908873, 7908887, 7908929, 7909036, 7909125, 7909198, 7909296, 7909312, 7909367, 7909560, 7909572, 7909574, 7909870, 7909993, 7910004, 7910090, 7910187, 7910352, 7910352, 7910468, 7910529, 7910555, 7910829, 7910867, 7910923, 7910924, 7910925, 7910935, 7911144, 7911348, 7911381, 7911435, 7911437, 7911448, 7911573, 7911698, 7911882, 7912045, 7912070, 7912229, 7912350, 7912362, 7912452, 7912463, 7912558, 7912653, 7912668, 7912761, 7912847, 7913081, 7913161, 7913236, 7913381, 7913450, 7913594, 7913645, 7913688, 7913981, 7914062, 7914126, 7914131, 7914164, 7914289, 7914291, 7914322, 7914374, 7914377, 7914386, 7914517, 7914696, 7914845, 7914854, 7914945, 7914959, 7915068, 7915123, 7915213, 7915282, 7915599, 7915609, 7915923, 7915960, 7916282, 7916380, 7916383, 7916404, 7916475, 7916519, 7916845, 7916916, 7916951, 7917022, 7917083, 7917180, 7917215, 7917490, 7917510, 7917525, 7917666, 7917669, 7917710, 7917741, 7918117, 7918120, 7918359, 7918399, 7918430, 7918616, 7918828, 7918940, 7918947, 7919114, 7919116, 7919324, 7919398, 7919572, 7919641, 7919662, 7919712, 7919761, 7919963, 7920027, 7920090, 7920176, 7920233, 7920293, 7920352, 7920364, 7920453, 7920529, 7920639, 7920863, 7920909, 7920978, 7921132, 7921219, 7921299, 7921390, 7921461, 7921718, 7921718, 7921732, 7921921, 7922042, 7922056, 7922095, 7922369, 7922495, 7922607, 7923021, 7923191, 7923361, 7923405, 7923407, 7923545, 7923585, 7923615, 7923660, 7923716, 7923835, 7923847, 7923853, 7924006, 7924129, 7924353, 7924422, 7924434, 7924434, 7924548, 7925181, 7925261, 7925336, 7925379, 7925476, 7925516, 7925651, 7925794, 7925798, 7925914, 7926072, 7926464, 7926505, 7926655, 7926802, 7926879, 7926980, 7927003, 7927020, 7927057, 7927058, 7927089, 7927205, 7927240, 7927293, 7927353, 7927365, 7927407, 7927529, 7927672, 7927687, 7927691, 7927906, 7928026, 7928162, 7928192, 7928301, 7928503, 7928550, 7928662, 7928771, 7928903, 7928964, 7929183, 7929221, 7929233, 7929415, 7929490, 7929609, 7929619, 7930061, 7930187, 7930312, 7930595, 7930597, 7930598, 7930641, 7930791, 7930947, 7931012, 7931072, 7931223, 7931462, 7931498, 7931592, 7931613, 7931666, 7931688, 7931729, 7932204, 7932329, 7932419, 7932425, 7932721, 7932870, 7932993, 7933060, 7933119, 7933150, 7933270, 7933381, 7933421, 7933491, 7933513, 7933838, 7933959, 7934049, 7934058, 7934063, 7934101, 7934151, 7934221, 7934654, 7934685, 7934726, 7934833, 7935019, 7935046, 7935093, 7935111, 7935241, 7935351, 7935370, 7935567, 7935644, 7935921, 7936245, 7936343, 7936465, 7936540, 7936624, 7936662, 7936749, 7936754, 7936773, 7937011, 7937086, 7937239, 7937358, 7937452, 7937566, 7937657, 7937668, 7937819, 7937923, 7938054, 7938121, 7938130, 7938203, 7938421, 7938832, 7938874, 7938908, 7939122, 7939406, 7939631, 7939661, 7939699, 7939733, 7939826, 7939879, 7939931, 7940171, 7940213, 7940215, 7940333, 7940564, 7940605, 7940710, 7940793, 7940949, 7941013, 7941078, 7941095, 7941096, 7941158, 7941199, 7941275, 7941363, 7941483, 7941632, 7941816, 7941845, 7942030, 7942148, 7942178, 7942250, 7942268, 7942277, 7942514, 7942520, 7942543, 7942642, 7942662, 7942735, 7942858, 7943093, 7943259, 7943507, 7943547, 7943670, 7943683, 7943784, 7943788, 7943820, 7943858, 7943991, 7944044, 7944174, 7944460, 7944750, 7945127, 7945172, 7945872, 7945880, 7946000, 7946169, 7946293, 7946301, 7946500, 7946663, 7946763, 7946904, 7947045, 7947127, 7947298, 7947305, 7947598, 7947652, 7947681, 7947800, 7947823, 7947823, 7947851, 7947964, 7947981, 7948094, 7948183, 7948356, 7948457, 7948559, 7948582, 7948692, 7948714, 7948780, 7948881, 7948952, 7949101, 7949115, 7949124, 7949239, 7949246, 7949408, 7949461, 7949476, 7949557, 7949623, 7949843, 7950072, 7950095, 7950279, 7950393, 7950416, 7950559, 7950620, 7950633, 7950699, 7950774, 7950786, 7951107, 7951189, 7951320, 7951394, 7951511, 7951552, 7951728, 7951746, 7951823, 7951863, 7951901, 7951948, 7952045, 7952190, 7952230, 7952385, 7952399, 7952498, 7952530, 7952620, 7952913, 7952917, 7952964, 7953052, 7953231, 7953283, 7953314, 7953323, 7953364, 7953407, 7953414, 7953430, 7953442, 7953534, 7953652, 7953714, 7953714, 7953970, 7954240, 7954341, 7954421, 7954423, 7954519, 7954588, 7954864, 7954904, 7954954, 7955321, 7955452, 7955586, 7955663, 7955692, 7955712, 7955750, 7955950, 7956002, 7956007, 7956045, 7956095, 7956133, 7956163, 7956287, 7956288, 7956340, 7956427, 7956990, 7957017, 7957044, 7957056, 7957074, 7957168, 7957288, 7957478, 7957741, 7957850, 7957870, 7958001, 7958018, 7958033, 7958083, 7958175, 7958412, 7958423, 7958454, 7958483, 7958630, 7958695, 7958738, 7958808, 7958848, 7958867, 7958990, 7959097, 7959130, 7959541, 7959700, 7959724, 7959806, 7959915, 7959939, 7960166, 7960301, 7960393, 7960496, 7960560, 7960619, 7960756, 7960767, 7960819, 7960853, 7960995, 7961067, 7961096, 7961199, 7961280, 7961438, 7961677, 7961784, 7961794, 7961806, 7961809, 7962032, 7962429, 7962572, 7962576, 7962813, 7962818, 7963089, 7963155, 7963259, 7963318, 7963385, 7963539, 7963611, 7963728, 7963736, 7963825, 7964067, 7964147, 7964207, 7964302, 7964504, 7964738, 7964787, 7965302, 7965328, 7965480, 7965500, 7965561, 7965873, 7965910, 7966343, 7966470, 7966474, 7966660, 7966715, 7966912, 7966968, 7967033, 7967199, 7967268, 7967330, 7967554, 7967652, 7967659, 7967670, 7967864, 7967925, 7967942, 7967948, 7968255, 7968349, 7968371, 7968407, 7968454, 7968507, 7968787, 7968813, 7968836, 7968895, 7969855, 7969911, 7969977, 7969989, 7970330, 7970386, 7970484, 7970612, 7970617, 7970626, 7970692, 7970746, 7970884, 7970922, 7970939, 7971323, 7971413, 7971535, 7971582, 7971652, 7971777, 7971792, 7971947, 7972188, 7972441, 7972595, 7973041, 7973045, 7973393, 7973431, 7973890, 7974540, 7974576, 7974581, 7974626, 7974738, 7975036, 7975156, 7975257, 7975308, 7975382, 7975512, 7975521, 7975550, 7975592, 7975803, 7975889, 7975916, 7976152, 7976428, 7976441, 7976583, 7976598, 7976690, 7976749, 7976934, 7976942, 7976988, 7977183, 7977201, 7977213, 7977276, 7977304, 7977307, 7977485, 7977583, 7977766, 7977843, 7977935, 7977971, 7978245, 7978248, 7978331, 7978385, 7978404, 7978469, 7978526, 7978629, 7978681, 7978688, 7978841, 7978853, 7978864, 7978866, 7978870, 7978902, 7978905, 7978941, 7979486, 7979507, 7979577, 7979770, 7979834, 7980022, 7980478, 7980573, 7980581, 7980647, 7980660, 7980777, 7980782, 7980835, 7980896, 7981183, 7981331, 7981371, 7981392, 7981560, 7981748, 7981783, 7981815, 7981859, 7981952, 7982061, 7982119, 7982182, 7982402, 7982534, 7982554, 7982648, 7982656, 7982664, 7982737, 7982951, 7982987, 7983914, 7984152, 7984167, 7984212, 7984439, 7984516, 7984521, 7984596, 7984716, 7984762, 7984829, 7984923, 7984946, 7985025, 7985144, 7985247, 7985293, 7985300, 7985407, 7985498, 7985547, 7985618, 7985844, 7985854, 7985894, 7985922, 7986068, 7986208, 7986212, 7986265, 7986406, 7986417, 7986446, 7986468, 7986499, 7986569, 7986649, 7986663, 7986706, 7986713, 7986723, 7986745, 7986786, 7986870, 7986885, 7986927, 7986977, 7987001, 7987124, 7987125, 7987133, 7987234, 7987245, 7987379, 7987457, 7987523, 7987645, 7987683, 7987767, 7987870, 7987960, 7987988, 7988042, 7988057, 7988223, 7988300, 7988333, 7988601, 7988604, 7988756, 7988865, 7988873, 7988960, 7989490, 7989580, 7989612, 7989665, 7989669, 7989721, 7989927, 7989994, 7990200, 7990242, 7990273, 7990288, 7990299, 7990369, 7990532, 7990586, 7990683, 7990705, 7990728, 7990885, 7990919, 7991010, 7991119, 7991191, 7991337, 7991354, 7991431, 7991436, 7991475, 7991981, 7992135, 7992245, 7992253, 7992267, 7992375, 7992670, 7992746, 7992748, 7992847, 7992916, 7993271, 7993312, 7993330, 7993389, 7993414, 7993476, 7993504, 7993534, 7993742, 7993814, 7993989, 7994006, 7994010, 7994203, 7994248, 7994324, 7994478, 7994510, 7994640, 7994835, 7994864, 7994982, 7995110, 7995181, 7995190, 7995260, 7995263, 7995265, 7995411, 7995488, 7995656, 7995738, 7995924, 7996220, 7996226, 7996270, 7996270, 7996557, 7996843, 7996910, 7996963, 7996985, 7997043, 7997050, 7997226, 7997299, 7997367, 7997429, 7997430, 7997523, 7997787, 7997913, 7997955, 7998414, 7998451, 7998458, 7998483, 7998579, 7998820, 7998859, 7998913, 7999008, 7999014, 7999452, 7999951, 7999987]
]]></system-out>
  <system-err><![CDATA[]]></system-err>
</testsuite>
